2025-06-26 18:57:00,781FAA,39.128180,117.343811,225
2025-06-26 18:57:00,781FAA,39.127854,117.343994,225
2025-06-26 18:57:01,781FAA,39.127579,117.344194,225
2025-06-26 18:57:02,781FAA,39.127063,117.344482,225
2025-06-26 18:57:03,781FAA,39.126458,117.344849,225
2025-06-26 18:57:03,781FAA,39.126160,117.345030,225
2025-06-26 18:57:03,781FAA,39.126160,117.345030,225
2025-06-26 18:57:04,781FAA,39.125620,117.345337,225
2025-06-26 18:57:05,79A059,39.398183,117.348572,29075
2025-06-26 18:57:05,781FAA,39.125107,117.345687,225
2025-06-26 18:57:07,781FAA,39.123758,117.346497,250
2025-06-26 18:57:07,781FAA,39.123758,117.346497,250
2025-06-26 18:57:07,79A059,39.399994,117.355599,29100
2025-06-26 18:57:07,781FAA,39.123478,117.346680,225
2025-06-26 18:57:07,781FAA,39.123478,117.346680,225
2025-06-26 18:57:08,781FAA,39.123184,117.346881,225
2025-06-26 18:57:08,781FAA,39.122910,117.347060,225
2025-06-26 18:57:09,781FAA,39.122498,117.347299,225
2025-06-26 18:57:10,781FAA,39.121857,117.347658,225
2025-06-26 18:57:10,781FAA,39.121477,117.347900,225
2025-06-26 18:57:11,781FAA,39.121170,117.348076,250
2025-06-26 18:57:11,781FAA,39.120825,117.348328,250
2025-06-26 19:01:48,7811E3,39.160580,117.350830,650
2025-06-26 19:01:48,7811E3,39.160580,117.350830,650
2025-06-26 19:01:49,7811E3,39.160309,117.351001,650
2025-06-26 19:01:50,7811E3,39.159323,117.351562,625
2025-06-26 19:08:22,TEST01,40.000000,120.000000,30000
2025-06-26 19:13:15,781CDB,39.107941,117.356435,1025
2025-06-26 19:13:17,781CDB,39.106842,117.357151,1075
2025-06-26 19:13:21,781CDB,39.103867,117.358942,1225
2025-06-26 19:13:22,781CDB,39.103226,117.359301,1250
2025-06-26 19:13:23,781CDB,39.102157,117.359985,1325
2025-06-26 19:13:26,781334,39.105240,117.399007,14800
2025-06-26 19:13:42,781334,39.103317,117.434533,14800
2025-06-26 19:13:43,781334,39.103226,117.436563,14800
2025-06-26 19:13:50,781334,39.102356,117.452028,14800
2025-06-26 19:13:52,781334,39.102157,117.456421,14800
2025-06-26 19:13:59,781334,39.101257,117.472448,14800
2025-06-26 19:14:53,780CBE,39.278229,117.326401,24600
2025-06-26 19:14:56,780CBE,39.272725,117.330627,24600
2025-06-26 19:16:06,780CBE,39.153365,117.423889,24600
2025-06-26 19:16:07,780CBE,39.151749,117.425517,24600
2025-06-26 19:16:08,780CBE,39.150009,117.427249,24600
2025-06-26 19:16:10,780CBE,39.146941,117.430481,24600
2025-06-26 19:16:10,780CBE,39.146941,117.430481,24600
2025-06-26 19:16:14,780CBE,39.140842,117.437256,24600
2025-06-26 19:16:15,780CBE,39.139343,117.439131,24600
2025-06-26 19:16:19,780CBE,39.133953,117.446045,24600
2025-06-26 19:16:20,780CBE,39.132523,117.448027,24600
2025-06-26 19:16:21,780CBE,39.131113,117.450012,24600
2025-06-26 19:16:22,780CBE,39.129716,117.452087,24600
2025-06-26 19:16:23,780CBE,39.128357,117.454117,24600
2025-06-26 19:17:16,7810B6,39.135452,117.274097,4125
2025-06-26 19:17:16,7810B6,39.135452,117.274097,4125
2025-06-26 19:17:37,7810B6,39.146987,117.304626,4025
2025-06-26 19:17:38,7810B6,39.147308,117.305444,4025
2025-06-26 19:17:38,7810B6,39.147308,117.305444,4025
2025-06-26 19:17:38,7810B6,39.147537,117.306041,4025
2025-06-26 19:17:38,7810B6,39.147766,117.306578,4000
2025-06-26 19:17:40,7810B6,39.148407,117.308310,4000
2025-06-26 19:17:40,7810B6,39.148636,117.308907,3975
2025-06-26 19:17:41,7810B6,39.148942,117.309753,3975
2025-06-26 19:17:41,7810B6,39.148942,117.309753,3975
2025-06-26 19:17:42,7810B6,39.149506,117.311176,3950
2025-06-26 19:17:42,7810B6,39.149506,117.311176,3950
2025-06-26 19:17:42,7810B6,39.149827,117.312012,3950
2025-06-26 19:17:43,7810B6,39.150375,117.313445,3925
2025-06-26 19:17:44,7810B6,39.150558,117.314042,3925
2025-06-26 19:17:44,7810B6,39.150787,117.314579,3925
2025-06-26 19:17:45,7810B6,39.151316,117.316040,3900
2025-06-26 19:17:45,7810B6,39.151316,117.316040,3900
2025-06-26 19:17:46,7810B6,39.151657,117.316848,3900
2025-06-26 19:17:46,7810B6,39.152015,117.317749,3875
2025-06-26 19:17:47,7810B6,39.152344,117.318580,3875
2025-06-26 19:17:47,7810B6,39.152527,117.319177,3875
2025-06-26 19:17:48,7810B6,39.152756,117.319714,3850
2025-06-26 19:17:48,7810B6,39.153085,117.320557,3850
2025-06-26 19:17:49,7810B6,39.153318,117.321167,3850
2025-06-26 19:17:49,7810B6,39.153504,117.321716,3825
2025-06-26 19:17:51,7810B6,39.154495,117.324312,3800
2025-06-26 19:17:52,7810B6,39.155041,117.325745,3800
2025-06-26 19:17:53,7810B6,39.155594,117.327118,3775
2025-06-26 19:17:53,7810B6,39.155823,117.327715,3775
2025-06-26 19:17:54,7810B6,39.156391,117.329163,3750
2025-06-26 19:17:55,7810B6,39.156693,117.329984,3750
2025-06-26 19:17:55,7810B6,39.156921,117.330581,3725
2025-06-26 19:17:56,7810B6,39.157461,117.331970,3725
2025-06-26 19:17:56,7810B6,39.157461,117.331970,3725
2025-06-26 19:17:57,7810B6,39.157694,117.332581,3700
2025-06-26 19:17:57,7810B6,39.158020,117.333447,3700
2025-06-26 19:17:58,7810B6,39.158249,117.333984,3700
2025-06-26 19:17:58,7810B6,39.158478,117.334581,3675
2025-06-26 19:17:59,7810B6,39.158811,117.335449,3675
2025-06-26 19:17:59,7810B6,39.158998,117.335999,3675
2025-06-26 19:18:00,7810B6,39.159348,117.336850,3650
2025-06-26 19:18:01,7810B6,39.159882,117.338257,3650
2025-06-26 19:18:01,7810B6,39.159882,117.338257,3650
2025-06-26 19:18:02,7810B6,39.160446,117.339716,3625
2025-06-26 19:18:02,7810B6,39.160629,117.340313,3625
2025-06-26 19:18:03,7810B6,39.160999,117.341125,3600
2025-06-26 19:18:03,7810B6,39.161186,117.341736,3600
2025-06-26 19:18:03,7810B6,39.161418,117.342285,3600
2025-06-26 19:18:04,7810B6,39.161728,117.343120,3575
2025-06-26 19:18:05,7810B6,39.162303,117.344543,3575
2025-06-26 19:18:05,7810B6,39.162536,117.345154,3550
2025-06-26 19:18:06,7810B6,39.162827,117.345986,3550
2025-06-26 19:18:06,7810B6,39.163055,117.346583,3550
2025-06-26 19:18:07,7810B6,39.163284,117.347120,3525
2025-06-26 19:18:07,7810B6,39.163606,117.348022,3525
2025-06-26 19:18:07,7810B6,39.163606,117.348022,3525
2025-06-26 19:18:08,7810B6,39.164072,117.349121,3500
2025-06-26 19:18:09,7810B6,39.164612,117.350583,3500
2025-06-26 19:18:11,7810B6,39.165375,117.352539,3475
2025-06-26 19:18:11,7810B6,39.165710,117.353390,3450
2025-06-26 19:18:12,7810B6,39.166260,117.354858,3450
2025-06-26 19:18:13,7810B6,39.166446,117.355408,3450
2025-06-26 19:18:13,7810B6,39.166679,117.355957,3425
2025-06-26 19:18:14,7810B6,39.167038,117.356853,3425
2025-06-26 19:18:15,7810B6,39.167563,117.358276,3400
2025-06-26 19:18:17,7810B6,39.168867,117.361694,3375
2025-06-26 19:18:18,7810B6,39.169332,117.362854,3350
2025-06-26 19:18:18,7810B6,39.169647,117.363659,3350
2025-06-26 19:18:19,7810B6,39.169984,117.364563,3325
2025-06-26 19:18:20,7810B6,39.170334,117.365391,3325
2025-06-26 19:18:20,7810B6,39.170517,117.365988,3325
2025-06-26 19:18:20,7810B6,39.170746,117.366525,3300
2025-06-26 19:18:21,7810B6,39.171101,117.367371,3300
2025-06-26 19:18:22,7810B6,39.171753,117.369141,3275
2025-06-26 19:18:23,7810B6,39.171939,117.369690,3275
2025-06-26 19:18:24,7810B6,39.172824,117.371948,3250
2025-06-26 19:18:25,7810B6,39.173056,117.372559,3250
2025-06-26 19:18:25,7810B6,39.173289,117.373108,3250
2025-06-26 19:18:27,7810B6,39.174360,117.375977,3225
2025-06-26 19:18:28,7810B6,39.174593,117.376526,3225
2025-06-26 19:18:28,7810B6,39.174593,117.376526,3225
2025-06-26 19:18:28,7810B6,39.174911,117.377392,3225
2025-06-26 19:18:28,7810B6,39.175140,117.377989,3225
2025-06-26 19:18:28,7810B6,39.175140,117.377989,3225
2025-06-26 19:18:29,7810B6,39.175477,117.378845,3225
2025-06-26 19:18:31,7810B6,39.176781,117.382263,3200
2025-06-26 19:18:32,7810B6,39.177013,117.382812,3200
2025-06-26 19:18:32,7810B6,39.177338,117.383662,3200
2025-06-26 19:18:33,7810B6,39.177567,117.384259,3200
2025-06-26 19:18:34,7810B6,39.177979,117.385393,3200
2025-06-26 19:18:34,7810B6,39.178317,117.386230,3200
2025-06-26 19:18:35,7810B6,39.178550,117.386780,3200
2025-06-26 19:18:35,7810B6,39.178736,117.387390,3200
2025-06-26 19:18:35,7810B6,39.178969,117.387939,3200
2025-06-26 19:18:37,7810B6,39.179947,117.390468,3200
2025-06-26 19:18:37,7810B6,39.179947,117.390468,3200
2025-06-26 19:18:39,7810B6,39.180738,117.392456,3200
2025-06-26 19:18:39,7810B6,39.181046,117.393334,3200
2025-06-26 19:18:40,7810B6,39.181274,117.393932,3200
2025-06-26 19:18:40,7810B6,39.181503,117.394469,3200
2025-06-26 19:18:41,7810B6,39.181686,117.395066,3200
2025-06-26 19:18:41,7810B6,39.181915,117.395603,3200
2025-06-26 19:18:41,7810B6,39.182227,117.396484,3200
2025-06-26 19:18:43,7810B6,39.183014,117.398469,3200
2025-06-26 19:18:43,7810B6,39.183344,117.399292,3200
2025-06-26 19:18:44,7810B6,39.183531,117.399902,3200
2025-06-26 19:18:44,7810B6,39.183763,117.400452,3200
2025-06-26 19:18:46,7810B6,39.184415,117.402161,3200
2025-06-26 19:18:48,7810B6,39.185623,117.405276,3200
2025-06-26 19:18:48,7810B6,39.186127,117.406351,3200
2025-06-26 19:18:49,7810B6,39.186696,117.407776,3200
2025-06-26 19:18:52,7810B6,39.187907,117.410461,3225
2025-06-26 19:18:55,7810B6,39.190141,117.414673,3225
2025-06-26 19:18:57,7810B6,39.191631,117.417114,3225
2025-06-26 19:18:58,7810B6,39.192444,117.418293,3225
2025-06-26 19:18:59,7810B6,39.193307,117.419434,3225
2025-06-26 19:18:59,7810B6,39.193307,117.419434,3225
2025-06-26 19:19:00,7810B6,39.194138,117.420561,3225
2025-06-26 19:19:01,7810B6,39.195029,117.421631,3225
2025-06-26 19:19:01,7810B6,39.195774,117.422485,3225
2025-06-26 19:19:01,7810B6,39.195774,117.422485,3225
2025-06-26 19:19:02,7810B6,39.196747,117.423487,3225
2025-06-26 19:19:03,7810B6,39.197113,117.423905,3225
2025-06-26 19:19:23,7810B6,39.219635,117.435309,3225
2025-06-26 19:19:23,7810B6,39.219635,117.435309,3225
2025-06-26 19:19:24,780C64,39.103833,117.420288,14675
2025-06-26 19:19:26,7810B6,39.224075,117.435488,3175
2025-06-26 19:19:27,7810B6,39.224533,117.435488,3175
2025-06-26 19:19:28,7810B6,39.225800,117.435425,3175
2025-06-26 19:19:28,7810B6,39.226266,117.435364,3175
2025-06-26 19:19:28,7810B6,39.226266,117.435364,3175
2025-06-26 19:19:29,780C64,39.103226,117.431667,14750
2025-06-26 19:19:29,7810B6,39.227755,117.435181,3175
2025-06-26 19:19:30,780C64,39.103088,117.434265,14750
2025-06-26 19:19:30,7810B6,39.228928,117.435011,3150
2025-06-26 19:19:31,7810B6,39.229431,117.434951,3150
2025-06-26 19:19:31,7810B6,39.229431,117.434951,3150
2025-06-26 19:19:54,780C64,39.100109,117.489807,14825
2025-06-26 19:19:55,780C64,39.100016,117.491760,14825
2025-06-26 19:19:56,780C64,39.099876,117.494263,14825
2025-06-26 19:19:59,780C64,39.099457,117.502075,14825
2025-06-26 19:20:00,7810B6,39.261087,117.417175,2850
2025-06-26 19:20:05,7810B6,39.266281,117.413755,2800
2025-06-26 19:20:08,780C64,39.098282,117.523916,14800
2025-06-26 19:20:09,7810B6,39.270355,117.411068,2775
2025-06-26 19:20:09,7810B6,39.270767,117.410829,2750
2025-06-26 19:20:09,780C64,39.098145,117.526305,14800
2025-06-26 19:20:12,780C64,39.097781,117.533325,14800
2025-06-26 19:20:13,780C64,39.097687,117.535619,14800
2025-06-26 19:20:13,780C64,39.097687,117.535619,14800
2025-06-26 19:20:14,780C64,39.097502,117.538269,14800
2025-06-26 19:28:02,780C8E,39.327331,117.288391,18700,-2267033.7,4394481.8,4024105.1
2025-06-26 19:28:03,780C8E,39.325562,117.289795,18700,-2267198.5,4394537.0,4023953.0
2025-06-26 19:28:04,780680,39.192123,117.422472,3225,-2280006.5,4394359.2,4009491.4
2025-06-26 19:28:06,780C8E,39.320953,117.293396,18700,-2267623.5,4394682.9,4023556.9
2025-06-26 19:28:07,780C8E,39.319611,117.294398,18700,-2267743.7,4394727.2,4023441.5
2025-06-26 19:28:08,780C8E,39.317963,117.295652,18700,-2267893.1,4394780.7,4023299.8
2025-06-26 19:28:08,780680,39.193954,117.427428,3225,-2280327.4,4394048.0,4009649.0
2025-06-26 19:28:09,780C8E,39.316623,117.296692,18700,-2268016.1,4394823.3,4023184.7
2025-06-26 19:28:10,780680,39.194595,117.429040,3225,-2280430.3,4393943.9,4009704.1
2025-06-26 19:28:10,780680,39.194824,117.429637,3225,-2280468.7,4393905.9,4009723.8
2025-06-26 19:28:11,780C8E,39.313339,117.299234,18700,-2268317.2,4394928.2,4022902.3
2025-06-26 19:28:13,780C8E,39.310385,117.301575,18700,-2268592.1,4395020.3,4022648.4
2025-06-26 19:28:15,780C8E,39.307685,117.303650,18700,-2268838.5,4395107.0,4022416.2
2025-06-26 19:28:17,780680,39.198381,117.436584,3225,-2280886.5,4393407.8,4010029.9
2025-06-26 19:28:18,780680,39.198707,117.437073,3225,-2280913.4,4393368.1,4010057.9
2025-06-26 19:28:18,780680,39.198986,117.437439,3225,-2280932.5,4393336.1,4010082.0
2025-06-26 19:31:35,78096E,39.162872,117.349509,675,-2275074.4,4398546.3,4006482.8
2025-06-26 19:31:35,78096E,39.162872,117.349509,675,-2275074.4,4398546.3,4006482.8
2025-06-26 19:31:35,78096E,39.162582,117.349670,675,-2275096.2,4398558.0,4006457.8
2025-06-26 19:31:35,78096E,39.162323,117.349807,675,-2275115.0,4398568.7,4006435.5
2025-06-26 19:31:36,780660,39.111142,117.353516,1000,-2277083.0,4401675.1,4002090.6
2025-06-26 19:31:36,78096E,39.161977,117.350037,675,-2275143.8,4398581.1,4006405.7
2025-06-26 19:31:37,780660,39.110413,117.353867,1050,-2277138.9,4401717.0,4002037.4
2025-06-26 19:31:38,78096E,39.160999,117.350647,650,-2275219.4,4398612.5,4006316.8
2025-06-26 19:31:38,78096E,39.160721,117.350822,650,-2275241.9,4398622.9,4006292.8
2025-06-26 19:31:38,78096E,39.160721,117.350822,650,-2275241.9,4398622.9,4006292.8
2025-06-26 19:31:38,780660,39.109360,117.354405,1100,-2277219.5,4401771.7,4001956.3
2025-06-26 19:31:39,780660,39.109085,117.354524,1125,-2277240.2,4401789.2,4001937.5
2025-06-26 19:31:39,78096E,39.160115,117.351196,625,-2275287.4,4398640.5,4006235.8
2025-06-26 19:31:40,780660,39.108349,117.354919,1150,-2277297.0,4401824.6,4001878.9
2025-06-26 19:31:42,78096E,39.158672,117.352051,600,-2275396.8,4398691.2,4006106.8
2025-06-26 19:31:42,78096E,39.158672,117.352051,600,-2275396.8,4398691.2,4006106.8
2025-06-26 19:31:42,78096E,39.158340,117.352255,600,-2275423.1,4398703.7,4006078.2
2025-06-26 19:31:42,78096E,39.158340,117.352255,600,-2275423.1,4398703.7,4006078.2
2025-06-26 19:31:43,78096E,39.158020,117.352434,600,-2275447.2,4398716.6,4006050.7
2025-06-26 19:31:43,78096E,39.157700,117.352673,575,-2275473.1,4398721.8,4006018.3
2025-06-26 19:45:58,780FDF,39.162908,117.345581,4025,-2275135.4,4399403.3,4007130.7,81736.1,-81417.0,-9817.1
2025-06-26 19:46:00,780FDF,39.163932,117.348267,4025,-2275308.6,4399232.8,4007218.9,81967.0,-81300.8,-9818.6
2025-06-26 19:46:00,780FDF,39.163932,117.348267,4025,-2275308.6,4399232.8,4007218.9,81967.0,-81300.8,-9818.6
2025-06-26 19:46:01,780FDF,39.164211,117.349121,4025,-2275365.3,4399181.5,4007242.9,82040.6,-81269.0,-9819.1
2025-06-26 19:46:01,780FDF,39.164429,117.349688,4025,-2275401.8,4399145.5,4007261.6,82089.3,-81244.4,-9819.4
2025-06-26 19:46:02,780FDF,39.164978,117.351061,4025,-2275489.5,4399056.7,4007308.9,82207.3,-81182.1,-9820.1
2025-06-26 19:46:02,780FDF,39.164978,117.351061,4025,-2275489.5,4399056.7,4007308.9,82207.3,-81182.1,-9820.1
2025-06-26 19:46:03,780FDF,39.165207,117.351777,4025,-2275537.1,4399014.0,4007328.6,82269.0,-81156.1,-9820.6
2025-06-26 19:46:03,780FDF,39.165422,117.352356,4025,-2275574.6,4398977.6,4007347.1,82318.7,-81131.7,-9820.9
2025-06-26 19:46:04,780FDF,39.165710,117.353091,4025,-2275621.8,4398930.5,4007372.0,82381.9,-81099.0,-9821.3
2025-06-26 19:46:05,780FDF,39.166214,117.354405,4000,-2275703.7,4398841.7,4007410.5,82494.8,-81041.7,-9829.7
2025-06-26 19:46:06,780FDF,39.166718,117.355838,4000,-2275797.5,4398753.4,4007453.9,82618.0,-80984.5,-9830.5
2025-06-26 19:46:06,780FDF,39.167038,117.356614,4000,-2275846.7,4398702.6,4007481.5,82684.8,-80948.2,-9830.9
2025-06-26 19:46:07,780FDF,39.167221,117.357151,4000,-2275882.1,4398669.9,4007497.2,82731.0,-80927.4,-9831.3
2025-06-26 19:46:07,780FDF,39.167221,117.357151,4000,-2275882.1,4398669.9,4007497.2,82731.0,-80927.4,-9831.3
2025-06-26 19:46:07,780FDF,39.167542,117.357927,4000,-2275931.3,4398619.1,4007524.8,82797.7,-80891.1,-9831.7
2025-06-26 19:46:07,780FDF,39.167542,117.357927,4000,-2275931.3,4398619.1,4007524.8,82797.7,-80891.1,-9831.7
2025-06-26 19:46:08,780FDF,39.168122,117.359497,4000,-2276033.1,4398520.6,4007574.8,82932.7,-80825.2,-9832.6
2025-06-26 19:46:09,780FDF,39.168320,117.360137,4000,-2276075.9,4398482.8,4007591.8,82987.7,-80802.6,-9833.0
2025-06-26 19:46:09,780FDF,39.168594,117.360853,3975,-2276119.3,4398432.0,4007610.6,83049.2,-80771.4,-9841.1
2025-06-26 19:46:10,780FDF,39.168869,117.361570,3975,-2276165.5,4398386.4,4007634.3,83110.8,-80740.2,-9841.5
2025-06-26 19:46:10,780FDF,39.169099,117.362122,3975,-2276200.4,4398350.2,4007654.1,83158.3,-80714.1,-9841.7
2025-06-26 19:46:11,780FDF,39.169373,117.362943,3975,-2276254.6,4398300.5,4007677.6,83228.9,-80683.0,-9842.3
2025-06-26 19:46:11,780FDF,39.169612,117.363525,3975,-2276291.7,4398262.5,4007698.2,83279.0,-80656.0,-9842.6
2025-06-26 19:46:13,780FDF,39.170217,117.365112,3950,-2276391.2,4398156.5,4007745.5,83415.3,-80587.2,-9851.1
2025-06-26 19:46:14,780FDF,39.170746,117.366525,3950,-2276482.7,4398067.4,4007791.0,83536.8,-80527.1,-9851.9
2025-06-26 19:46:14,780FDF,39.171021,117.367242,3950,-2276528.8,4398021.8,4007814.7,83598.4,-80496.0,-9852.3
2025-06-26 19:46:15,780FDF,39.171204,117.367779,3925,-2276561.4,4397983.8,4007825.6,83644.5,-80475.0,-9860.3
2025-06-26 19:46:15,780FDF,39.171474,117.368530,3925,-2276610.4,4397937.2,4007848.9,83709.1,-80444.4,-9860.8
2025-06-26 19:46:15,780FDF,39.171474,117.368530,3925,-2276610.4,4397937.2,4007848.9,83709.1,-80444.4,-9860.8
2025-06-26 19:46:16,780FDF,39.171707,117.369093,3925,-2276646.0,4397900.3,4007869.0,83757.4,-80417.9,-9861.1
2025-06-26 19:46:16,780FDF,39.171986,117.369873,3925,-2276696.9,4397851.9,4007893.0,83824.5,-80386.2,-9861.5
2025-06-26 19:46:18,780FDF,39.172714,117.371780,3900,-2276817.1,4397725.5,4007950.9,83988.3,-80303.5,-9870.3
2025-06-26 19:46:19,780FDF,39.173196,117.373047,3900,-2276898.8,4397645.2,4007992.3,84097.3,-80248.8,-9871.0
2025-06-26 19:46:20,780FDF,39.173904,117.374944,3875,-2277018.9,4397520.4,4008048.5,84260.3,-80168.3,-9879.8
2025-06-26 19:46:21,780FDF,39.174316,117.376079,3875,-2277092.6,4397449.6,4008084.0,84357.8,-80121.4,-9880.5
2025-06-26 19:46:23,780FDF,39.175337,117.378784,3850,-2277264.6,4397273.3,4008167.0,84590.3,-80005.4,-9889.7
2025-06-26 19:46:25,780FDF,39.176315,117.381348,3850,-2277429.8,4397110.5,4008251.2,84810.7,-79894.5,-9891.2
2025-06-26 19:46:26,780FDF,39.176781,117.382690,3850,-2277517.9,4397028.1,4008291.3,84926.1,-79841.5,-9892.1
2025-06-26 19:46:27,780FDF,39.177567,117.384736,3825,-2277646.8,4396892.6,4008354.1,85101.9,-79752.2,-9900.9
2025-06-26 19:46:28,780FDF,39.177758,117.385315,3825,-2277685.0,4396857.7,4008370.6,85151.7,-79730.4,-9901.3
2025-06-26 19:46:28,780FDF,39.177991,117.385864,3825,-2277719.7,4396821.3,4008390.6,85198.8,-79704.0,-9901.6
2025-06-26 19:46:28,780FDF,39.177991,117.385864,3825,-2277719.7,4396821.3,4008390.6,85198.8,-79704.0,-9901.6
2025-06-26 19:46:29,780FDF,39.178391,117.387005,3825,-2277794.3,4396751.1,4008425.0,85297.0,-79658.6,-9902.4
2025-06-26 19:46:30,780FDF,39.178689,117.387695,3825,-2277837.6,4396705.0,4008450.7,85356.2,-79624.7,-9902.7
2025-06-26 19:46:30,780FDF,39.178894,117.388259,3825,-2277874.3,4396669.9,4008468.4,85404.7,-79601.5,-9903.1
2025-06-26 19:46:34,780FDF,39.180588,117.392857,3800,-2278169.7,4396376.3,4008609.3,85799.8,-79408.9,-9913.6
2025-06-26 19:46:35,780FDF,39.181091,117.394051,3775,-2278242.4,4396292.2,4008647.9,85902.3,-79351.8,-9921.9
2025-06-26 19:46:36,780FDF,39.181808,117.395874,3775,-2278359.1,4396175.1,4008709.6,86058.9,-79270.4,-9923.0
2025-06-26 19:46:39,780FDF,39.183334,117.399186,3750,-2278561.2,4395943.1,4008836.1,86343.1,-79097.7,-9932.3
2025-06-26 19:46:40,780FDF,39.184275,117.401184,3725,-2278681.4,4395799.8,4008912.3,86514.5,-78991.2,-9940.9
2025-06-26 19:46:40,780FDF,39.184275,117.401184,3725,-2278681.4,4395799.8,4008912.3,86514.5,-78991.2,-9940.9
2025-06-26 19:46:41,780FDF,39.184555,117.401733,3725,-2278714.6,4395760.5,4008936.3,86561.7,-78959.6,-9941.2
2025-06-26 19:58:46,7806AC,39.187088,117.334581,1200,-2273205.5,4397740.4,4008668.1,80746.8,-78731.7,-10631.9
2025-06-26 19:58:47,7806AC,39.186813,117.334761,1200,-2273228.1,4397750.4,4008644.4,80762.6,-78762.1,-10632.5
2025-06-26 19:58:47,7806AC,39.186813,117.334761,1200,-2273228.1,4397750.4,4008644.4,80762.6,-78762.1,-10632.5
2025-06-26 19:58:48,7806AC,39.185806,117.335417,1175,-2273308.3,4397781.9,4008553.0,80820.4,-78873.2,-10642.2
2025-06-26 19:58:50,7806AC,39.184648,117.336121,1150,-2273396.9,4397820.9,4008448.5,80882.4,-79001.0,-10652.2
2025-06-26 20:02:42,780CFF,39.114258,117.352434,650,-2276861.6,4401450.8,4002291.8,82371.9,-86798.0,-10925.3
2025-06-26 20:02:42,780CFF,39.113982,117.352600,675,-2276885.9,4401466.6,4002272.8,82386.6,-86828.6,-10918.3
2025-06-26 20:02:43,780CFF,39.113571,117.352852,700,-2276921.2,4401487.4,4002242.2,82409.0,-86874.0,-10911.6
2025-06-26 20:02:43,780CFF,39.113571,117.352852,700,-2276921.2,4401487.4,4002242.2,82409.0,-86874.0,-10911.6
2025-06-26 20:02:43,780CFF,39.113159,117.353031,725,-2276951.0,4401511.1,4002211.5,82425.1,-86919.7,-10904.8
2025-06-26 20:02:44,780CFF,39.112793,117.353270,725,-2276981.1,4401524.4,4002180.0,82446.1,-86960.1,-10905.6
2025-06-26 20:02:44,780CFF,39.112793,117.353270,725,-2276981.1,4401524.4,4002180.0,82446.1,-86960.1,-10905.6
2025-06-26 20:02:45,780CFF,39.111701,117.353943,800,-2277076.1,4401581.4,4002100.3,82505.9,-87081.1,-10885.2
2025-06-26 20:02:46,780CFF,39.111375,117.354065,800,-2277095.9,4401596.8,4002072.2,82516.8,-87117.1,-10885.8
2025-06-26 20:02:46,7804A3,39.294205,117.391483,2550,-2274257.3,4389083.7,4018139.6,85538.0,-66791.8,-10146.2
2025-06-26 20:02:46,780CFF,39.110956,117.354309,825,-2277130.9,4401618.4,4002041.0,82538.5,-87163.5,-10879.1
2025-06-26 20:02:46,7804A3,39.294388,117.391125,2550,-2274223.9,4389086.5,4018155.3,85506.8,-66771.8,-10145.5
2025-06-26 20:02:47,780CFF,39.110596,117.354524,850,-2277161.7,4401637.5,4002014.8,82557.6,-87203.4,-10872.3
2025-06-26 20:02:47,7804A3,39.294651,117.390564,2550,-2274172.4,4389092.4,4018177.9,85458.1,-66743.1,-10144.6
2025-06-26 20:02:47,780CFF,39.110211,117.354736,850,-2277190.4,4401653.0,4001981.6,82576.4,-87245.9,-10873.1
2025-06-26 20:02:47,7804A3,39.294790,117.390198,2525,-2274137.1,4389093.0,4018185.1,85426.2,-66727.9,-10151.6
2025-06-26 20:02:48,7804A3,39.294977,117.389771,2525,-2274098.4,4389098.3,4018201.1,85389.2,-66707.6,-10150.9
2025-06-26 20:02:48,7804A3,39.295120,117.389274,2525,-2274055.7,4389109.0,4018213.4,85346.2,-66692.2,-10150.2
2025-06-26 20:02:49,780CFF,39.109187,117.355347,900,-2277275.7,4401703.0,4001903.0,82630.6,-87359.2,-10860.1
2025-06-26 20:02:49,7804A3,39.295349,117.388672,2525,-2274002.2,4389118.6,4018233.1,85293.9,-66667.3,-10149.2
2025-06-26 20:02:49,780CFF,39.108765,117.355599,925,-2277311.4,4401724.5,4001871.4,82653.0,-87406.0,-10853.4
2025-06-26 20:02:49,7804A3,39.295442,117.388306,2525,-2273971.1,4389127.4,4018241.1,85262.2,-66657.4,-10148.7
2025-06-26 20:02:49,780CFF,39.108488,117.355774,950,-2277336.4,4401739.9,4001852.4,82668.6,-87436.6,-10846.4
2025-06-26 20:02:50,7804A3,39.295582,117.387939,2525,-2273938.5,4389133.2,4018253.1,85230.5,-66642.2,-10148.1
2025-06-26 20:02:50,780CFF,39.108069,117.355957,975,-2277366.7,4401764.0,4001821.2,82685.0,-87483.0,-10839.6
2025-06-26 20:02:51,7804A3,39.295853,117.386946,2525,-2273853.6,4389155.7,4018276.4,85144.4,-66613.1,-10146.6
2025-06-26 20:02:52,7804A3,39.296173,117.385751,2500,-2273749.1,4389177.9,4018299.1,85040.9,-66578.6,-10152.5
2025-06-26 20:02:53,780CFF,39.106207,117.357056,1075,-2277521.9,4401857.1,4001680.0,82782.6,-87689.1,-10813.3
2025-06-26 20:02:53,7804A3,39.296420,117.384338,2500,-2273632.9,4389218.5,4018320.3,84918.7,-66552.5,-10150.6
2025-06-26 20:02:53,7804A3,39.296420,117.384338,2500,-2273632.9,4389218.5,4018320.3,84918.7,-66552.5,-10150.6
2025-06-26 20:02:54,7804A3,39.296539,117.383721,2500,-2273581.7,4389235.6,4018330.5,84865.4,-66539.8,-10149.8
2025-06-26 20:02:55,7804A3,39.296631,117.382885,2500,-2273514.7,4389263.0,4018338.4,84793.1,-66530.5,-10148.7
2025-06-26 20:02:56,7804A3,39.296746,117.381897,2475,-2273432.6,4389289.8,4018343.5,84707.6,-66518.6,-10155.1
2025-06-26 20:02:56,7804A3,39.296792,117.381409,2475,-2273393.7,4389306.3,4018347.5,84665.5,-66513.9,-10154.5
2025-06-26 20:02:56,7804A3,39.296792,117.381409,2475,-2273393.7,4389306.3,4018347.5,84665.5,-66513.9,-10154.5
2025-06-26 20:02:57,780CFF,39.103181,117.358765,1250,-2277769.6,4402014.1,4001452.9,82934.6,-88024.2,-10766.5
2025-06-26 20:02:57,7804A3,39.296860,117.380437,2475,-2273317.1,4389340.6,4018353.3,84581.6,-66507.3,-10153.3
2025-06-26 20:02:59,7804A3,39.296839,117.378174,2450,-2273141.6,4389426.5,4018346.6,84386.3,-66511.7,-10158.4
2025-06-26 20:03:02,7804A3,39.296606,117.375305,2450,-2272929.4,4389554.8,4018326.6,84139.1,-66540.2,-10155.4
2025-06-26 20:03:03,7804A3,39.296466,117.374146,2425,-2272842.3,4389604.3,4018309.8,84039.1,-66556.8,-10161.9
2025-06-26 20:03:38,7804A3,39.289530,117.339905,2225,-2270421.0,4391353.2,4017675.2,81092.7,-67357.8,-10193.2
2025-06-26 20:03:39,7804A3,39.289352,117.338880,2225,-2270348.2,4391404.9,4017659.9,81004.5,-67378.5,-10192.3
2025-06-26 20:03:41,7804A3,39.289018,117.337158,2225,-2270227.0,4391494.0,4017631.2,80856.3,-67417.2,-10190.8
2025-06-26 20:03:44,7804A3,39.288574,117.334999,2200,-2270073.2,4391602.0,4017588.2,80670.5,-67468.3,-10196.7
2025-06-26 20:03:44,7804A3,39.288366,117.334045,2200,-2270006.8,4391652.8,4017570.3,80588.4,-67492.3,-10195.9
2025-06-26 20:03:45,7804A3,39.288273,117.333618,2200,-2269977.0,4391675.5,4017562.3,80551.7,-67503.0,-10195.5
2025-06-26 20:03:45,7804A3,39.288180,117.333191,2200,-2269947.3,4391698.3,4017554.3,80514.9,-67513.7,-10195.2
2025-06-26 20:06:28,780CB8,39.285233,117.321028,18700,-2270896.6,4395822.6,4020485.4,79531.5,-67905.5,-5157.1
2025-06-26 20:06:29,780CB8,39.283905,117.322043,18700,-2271017.4,4395865.3,4020371.2,79620.6,-68052.1,-5159.8
2025-06-26 20:06:29,780CB8,39.283905,117.322043,18700,-2271017.4,4395865.3,4020371.2,79620.6,-68052.1,-5159.8
2025-06-26 20:06:30,780CB8,39.282074,117.323476,18700,-2271186.5,4395923.0,4020213.7,79746.4,-68254.2,-5163.6
2025-06-26 20:06:31,780CB8,39.280426,117.324730,18700,-2271335.9,4395976.3,4020072.0,79856.6,-68436.2,-5166.9
2025-06-26 20:06:48,7807C9,39.131858,117.341614,250,-2275420.6,4400701.5,4003730.7,81414.3,-84852.6,-11008.7
2025-06-26 20:06:48,780CB8,39.252411,117.346463,18700,-2273908.3,4396864.5,4017661.8,81765.8,-71529.2,-5225.0
2025-06-26 20:06:49,780CB8,39.250717,117.347777,18700,-2274063.9,4396918.1,4017516.1,81881.3,-71716.2,-5228.6
2025-06-26 20:06:50,780CB8,39.248704,117.349304,18700,-2274246.1,4396983.2,4017342.8,82015.5,-71938.5,-5232.8
2025-06-26 20:06:51,780CB8,39.247074,117.350647,18700,-2274401.8,4397031.7,4017202.6,82133.4,-72118.3,-5236.4
2025-06-26 20:06:51,7807C9,39.129856,117.342834,250,-2275578.8,4400777.6,4003558.3,81522.2,-85073.7,-11013.0
2025-06-26 20:06:52,7804A3,39.189056,117.333387,1225,-2273053.2,4397670.4,4008842.3,80641.5,-78514.4,-10620.3
2025-06-26 20:06:52,7807C9,39.129344,117.343140,250,-2275618.7,4400797.3,4003514.2,81549.1,-85130.3,-11014.1
2025-06-26 20:06:52,780CB8,39.245399,117.351929,18700,-2274554.2,4397085.4,4017058.4,82246.1,-72303.3,-5239.9
2025-06-26 20:06:52,780CB8,39.245399,117.351929,18700,-2274554.2,4397085.4,4017058.4,82246.1,-72303.3,-5239.9
2025-06-26 20:06:53,7807C9,39.129018,117.343323,250,-2275643.3,4400810.3,4003486.1,81565.3,-85166.3,-11014.8
2025-06-26 20:06:53,7807C9,39.129018,117.343323,250,-2275643.3,4400810.3,4003486.1,81565.3,-85166.3,-11014.8
2025-06-26 20:06:53,7807C9,39.128646,117.343567,250,-2275674.0,4400823.8,4003454.1,81586.9,-85207.4,-11015.6
2025-06-26 20:06:54,780CB8,39.242020,117.354464,18700,-2274858.0,4397195.8,4016767.6,82469.1,-72676.4,-5247.1
2025-06-26 20:06:54,7804A3,39.187208,117.334534,1200,-2273198.0,4397734.8,4008678.4,80742.6,-78718.4,-10631.7
2025-06-26 20:06:55,7807C9,39.127762,117.344075,250,-2275741.5,4400858.6,4003378.0,81631.8,-85305.0,-11017.5
2025-06-26 20:06:55,780CB8,39.240372,117.355778,18700,-2275012.0,4397246.5,4016625.8,82584.5,-72858.3,-5250.6
2025-06-26 20:06:55,7804A3,39.186696,117.334839,1175,-2273235.2,4397749.4,4008629.6,80769.4,-78774.9,-10640.4
2025-06-26 20:06:56,7804A3,39.186356,117.335059,1175,-2273263.1,4397761.9,4008600.2,80788.8,-78812.5,-10641.1
2025-06-26 20:06:56,7807C9,39.127029,117.344553,250,-2275801.7,4400885.2,4003314.9,81674.0,-85385.9,-11019.2
2025-06-26 20:06:56,7807C9,39.127029,117.344553,250,-2275801.7,4400885.2,4003314.9,81674.0,-85385.9,-11019.2
2025-06-26 20:06:56,780CB8,39.238881,117.356934,18700,-2275148.9,4397293.6,4016497.5,82686.1,-73022.8,-5253.8
2025-06-26 20:06:57,7807C9,39.126644,117.344788,250,-2275832.2,4400899.9,4003281.7,81694.7,-85428.5,-11020.0
2025-06-26 20:06:57,7807C9,39.126644,117.344788,250,-2275832.2,4400899.9,4003281.7,81694.7,-85428.5,-11020.0
2025-06-26 20:06:57,7804A3,39.185852,117.335358,1150,-2273299.5,4397776.1,4008552.1,80815.1,-78868.1,-10649.7
2025-06-26 20:06:57,7807C9,39.126389,117.344911,225,-2275847.1,4400905.6,4003254.9,81705.6,-85456.6,-11028.1
2025-06-26 20:06:57,7807C9,39.126085,117.345154,225,-2275875.6,4400914.9,4003228.7,81726.9,-85490.0,-11028.9
2025-06-26 20:06:58,7804A3,39.185120,117.335776,1150,-2273355.2,4397805.2,4008489.1,80852.1,-78949.0,-10651.2
2025-06-26 20:06:58,7807C9,39.125748,117.345329,225,-2275899.9,4400928.9,4003199.7,81742.5,-85527.3,-11029.6
2025-06-26 20:06:59,7807C9,39.125336,117.345568,225,-2275931.5,4400945.0,4003164.2,81763.6,-85572.8,-11030.4
2025-06-26 20:06:59,7804A3,39.184275,117.336304,1125,-2273420.2,4397831.6,4008411.6,80898.6,-79042.1,-10660.5
2025-06-26 20:07:01,7807C9,39.123804,117.346558,225,-2276056.8,4401001.0,4003032.3,81851.0,-85741.9,-11033.8
2025-06-26 20:07:01,7804A3,39.183298,117.336914,1100,-2273495.8,4397863.1,4008322.7,80952.3,-79150.0,-10670.2
2025-06-26 20:07:02,7807C9,39.123059,117.346985,225,-2276113.6,4401030.4,4002968.1,81888.8,-85824.2,-11035.4
2025-06-26 20:07:02,7804A3,39.182693,117.337268,1100,-2273542.5,4397886.7,4008270.6,80983.6,-79216.8,-10671.4
2025-06-26 20:07:02,7807C9,39.122687,117.347229,225,-2276144.3,4401043.9,4002936.1,81910.3,-85865.4,-11036.3
2025-06-26 20:07:03,7807C9,39.122408,117.347412,225,-2276167.4,4401054.0,4002912.0,81926.5,-85896.2,-11036.9
2025-06-26 20:07:03,780CB8,39.227325,117.365869,18700,-2276207.9,4397660.0,4015502.9,83471.8,-74298.4,-5278.8
2025-06-26 20:07:03,7807C9,39.122082,117.347595,225,-2276191.9,4401067.0,4002883.9,81942.7,-85932.2,-11037.6
2025-06-26 22:34:27,7804CB,39.128413,117.343689,150,-2275680.0,4400812.4,4003414.8,81597.3,-85232.7,-11046.6
2025-06-26 22:34:28,7804CB,39.127994,117.343994,150,-2275716.9,4400826.4,4003378.7,81624.2,-85278.9,-11047.6
2025-06-26 22:34:28,7804CB,39.127994,117.343994,150,-2275716.9,4400826.4,4003378.7,81624.2,-85278.9,-11047.6
2025-06-26 22:34:29,7804CB,39.127579,117.344194,150,-2275745.7,4400844.3,4003342.9,81642.0,-85324.8,-11048.4
2025-06-26 22:34:54,78154E,39.384450,117.344421,24600,-2270119.7,4389922.1,4030154.0,81459.1,-56876.4,-3274.8
2025-06-26 22:36:32,780898,39.163330,117.329447,11950,-2274742.7,4401681.3,4008692.5,80371.5,-81415.7,-7383.8
2025-06-26 22:36:34,780898,39.165422,117.326599,12075,-2274470.2,4401690.2,4008896.8,80123.4,-81186.4,-7339.7
2025-06-26 22:36:35,780898,39.166167,117.325500,12125,-2274367.2,4401697.9,4008970.5,80027.7,-81104.8,-7322.2
2025-06-26 22:36:37,780898,39.168274,117.322640,12225,-2274090.4,4401701.1,4009171.3,79778.4,-80873.7,-7285.7
2025-06-26 22:36:38,780898,39.169144,117.321446,12250,-2273973.4,4401699.5,4009251.0,79674.2,-80778.3,-7275.5
2025-06-26 22:36:39,780898,39.170197,117.320013,12300,-2273834.8,4401701.3,4009351.3,79549.4,-80662.8,-7257.3
2025-06-26 22:36:42,780898,39.172824,117.316406,12425,-2273486.7,4401706.9,4009601.6,79235.1,-80374.7,-7211.6
2025-06-26 22:36:43,78154E,39.332172,117.623047,24600,-2293149.3,4382095.9,4025661.0,105566.8,-62394.9,-3679.1
2025-06-26 22:36:43,780898,39.173894,117.314941,12475,-2273345.1,4401708.7,4009703.4,79107.4,-80257.3,-7193.3
2025-06-26 22:36:44,780898,39.174866,117.313624,12500,-2273215.3,4401705.7,4009791.9,78992.5,-80150.7,-7182.9
2025-06-26 22:36:45,780898,39.175803,117.312256,12525,-2273082.8,4401706.8,4009877.4,78873.3,-80047.9,-7172.5
2025-06-26 22:36:47,78154E,39.328949,117.633063,24600,-2294020.6,4381896.1,4025383.9,106436.1,-62741.2,-3696.9
2025-06-26 22:36:50,78154E,39.326865,117.640564,24600,-2294662.3,4381725.8,4025204.7,107086.6,-62963.9,-3710.0
2025-06-26 22:36:51,78154E,39.326248,117.642975,24600,-2294866.9,4381667.7,4025151.7,107295.6,-63029.5,-3714.1
2025-06-26 22:36:51,78154E,39.326248,117.642975,24600,-2294866.9,4381667.7,4025151.7,107295.6,-63029.5,-3714.1
2025-06-26 22:36:53,78154E,39.324956,117.648254,24600,-2295312.8,4381536.8,4025040.6,107753.3,-63166.7,-3723.2
2025-06-26 23:01:43,780D81,39.118332,117.349867,225,-2276487.1,4401210.0,4002561.0,82143.4,-86346.3,-11045.8
2025-06-26 23:01:43,780D81,39.118607,117.349747,225,-2276469.1,4401197.7,4002584.6,82132.8,-86316.0,-11045.2
2025-06-26 23:01:44,780D81,39.118776,117.349609,225,-2276453.0,4401192.6,4002599.3,82120.7,-86297.2,-11044.8
2025-06-26 23:01:44,780D81,39.119019,117.349509,225,-2276437.5,4401181.6,4002620.1,82111.7,-86270.5,-11044.3
2025-06-26 23:01:46,780D81,39.119751,117.349031,225,-2276377.2,4401155.0,4002683.2,82069.5,-86189.6,-11042.7
2025-06-26 23:01:46,780D81,39.120033,117.348877,225,-2276356.3,4401143.5,4002707.5,82055.9,-86158.4,-11042.1
2025-06-26 23:01:47,780D81,39.120529,117.348553,225,-2276315.5,4401125.5,4002750.2,82027.3,-86103.6,-11041.0
2025-06-26 23:01:48,780D81,39.121033,117.348255,225,-2276276.3,4401106.1,4002793.6,82000.9,-86048.0,-11039.9
2025-06-26 23:01:49,780D81,39.121616,117.347900,225,-2276230.3,4401083.8,4002843.8,81969.6,-85983.6,-11038.6
2025-06-26 23:01:50,780D81,39.122131,117.347538,225,-2276185.9,4401066.2,4002888.2,81937.7,-85926.7,-11037.4
2025-06-26 23:01:50,780D81,39.122131,117.347538,225,-2276185.9,4401066.2,4002888.2,81937.7,-85926.7,-11037.4
2025-06-26 23:01:50,780D81,39.122406,117.347419,225,-2276167.9,4401053.8,4002911.9,81927.0,-85896.4,-11036.9
2025-06-26 23:01:51,780D81,39.122635,117.347240,225,-2276146.8,4401046.7,4002931.6,81911.3,-85871.1,-11036.4
2025-06-26 23:01:51,780D81,39.122966,117.347046,225,-2276121.3,4401033.8,4002960.1,81894.1,-85834.5,-11035.6
2025-06-26 23:01:52,780D81,39.123550,117.346702,225,-2276076.1,4401011.1,4003010.4,81863.8,-85770.0,-11034.4
2025-06-26 23:01:52,780D81,39.123550,117.346702,225,-2276076.1,4401011.1,4003010.4,81863.8,-85770.0,-11034.4
2025-06-26 23:01:53,780D81,39.124191,117.346284,225,-2276023.3,4400987.8,4003065.6,81826.9,-85699.2,-11033.0
2025-06-26 23:01:55,780D81,39.125153,117.345687,225,-2275946.5,4400951.7,4003148.4,81774.1,-85593.1,-11030.8
2025-06-26 23:01:58,780D81,39.126923,117.344604,225,-2275806.4,4400884.5,4003300.9,81678.5,-85397.5,-11027.0
2025-06-26 23:02:00,780D81,39.128459,117.343689,225,-2275686.6,4400825.3,4003433.2,81597.5,-85227.8,-11023.7
2025-06-26 23:02:00,780D81,39.128459,117.343689,225,-2275686.6,4400825.3,4003433.2,81597.5,-85227.8,-11023.7
2025-06-26 23:02:00,780D81,39.128860,117.343418,250,-2275655.7,4400816.3,4003472.6,81573.8,-85183.7,-11015.2
2025-06-26 23:02:00,780D81,39.128860,117.343418,250,-2275655.7,4400816.3,4003472.6,81573.8,-85183.7,-11015.2
2025-06-26 23:02:02,780D81,39.129623,117.342957,275,-2275598.4,4400792.5,4003543.1,81533.1,-85099.5,-11005.9
2025-06-26 23:02:03,780D81,39.130275,117.342529,300,-2275547.3,4400774.1,4003604.0,81495.5,-85027.7,-10996.8
2025-06-26 23:02:03,780D81,39.130875,117.342164,325,-2275502.7,4400756.5,4003660.5,81463.3,-84961.5,-10987.9
2025-06-26 23:02:06,780D81,39.132843,117.340911,450,-2275356.6,4400710.1,4003854.0,81353.2,-84744.7,-10945.5
2025-06-26 23:02:08,780D81,39.134216,117.340075,500,-2275253.6,4400668.3,4003981.9,81279.5,-84593.2,-10927.3
2025-06-26 23:02:10,780D81,39.135681,117.339179,600,-2275148.6,4400633.7,4004127.3,81200.8,-84431.8,-10893.7
2025-06-26 23:02:11,780D81,39.136002,117.339000,600,-2275124.5,4400620.9,4004154.9,81184.9,-84396.4,-10893.0
2025-06-26 23:02:12,780D81,39.136688,117.338582,650,-2275075.7,4400605.2,4004223.6,81148.2,-84320.8,-10876.3
2025-06-26 23:02:12,780D81,39.137025,117.338318,675,-2275047.3,4400600.0,4004257.4,81125.1,-84283.7,-10867.9
2025-06-26 23:02:13,780D81,39.137677,117.337952,725,-2275003.6,4400584.5,4004323.2,81092.9,-84211.9,-10851.3
2025-06-26 23:02:14,780D81,39.138016,117.337746,725,-2274976.9,4400571.5,4004352.4,81074.7,-84174.5,-10850.6
2025-06-26 23:02:14,780D81,39.138428,117.337507,750,-2274948.1,4400560.6,4004392.6,81053.7,-84129.1,-10842.1
2025-06-26 23:02:15,780D81,39.138701,117.337280,775,-2274924.6,4400557.9,4004421.0,81033.8,-84099.0,-10833.8
2025-06-26 23:02:15,780D81,39.138980,117.337158,800,-2274908.9,4400550.6,4004449.8,81023.1,-84068.2,-10825.6
2025-06-26 23:02:16,780D81,39.139353,117.336914,800,-2274878.2,4400537.1,4004481.9,81001.5,-84027.1,-10824.8
2025-06-26 23:02:16,780D81,39.139755,117.336671,825,-2274849.3,4400526.9,4004521.4,80980.2,-83982.8,-10816.3
2025-06-26 23:02:17,780D81,39.140051,117.336487,850,-2274828.3,4400521.1,4004551.7,80964.0,-83950.2,-10808.1
2025-06-26 23:02:17,780D81,39.140423,117.336243,875,-2274800.3,4400512.8,4004588.5,80942.6,-83909.2,-10799.7
2025-06-26 23:02:18,780D81,39.140703,117.336060,875,-2274777.2,4400502.7,4004612.6,80926.4,-83878.3,-10799.0
2025-06-26 23:02:18,780D81,39.140703,117.336060,875,-2274777.2,4400502.7,4004612.6,80926.4,-83878.3,-10799.0
2025-06-26 23:02:18,780D81,39.141075,117.335876,900,-2274753.9,4400492.0,4004649.5,80910.3,-83837.3,-10790.7
2025-06-26 23:02:18,780D81,39.141075,117.335876,900,-2274753.9,4400492.0,4004649.5,80910.3,-83837.3,-10790.7
2025-06-26 23:02:19,780D81,39.141401,117.335693,925,-2274732.1,4400484.3,4004682.3,80894.1,-83801.4,-10782.4
2025-06-26 23:02:19,780D81,39.141401,117.335693,925,-2274732.1,4400484.3,4004682.3,80894.1,-83801.4,-10782.4
2025-06-26 23:02:20,780D81,39.142410,117.335059,975,-2274656.3,4400457.1,4004778.9,80838.4,-83690.1,-10765.0
2025-06-26 23:02:21,780D81,39.142797,117.334839,1000,-2274629.6,4400447.0,4004817.0,80819.0,-83647.4,-10756.5
2025-06-26 23:02:21,780D81,39.143097,117.334641,1000,-2274604.8,4400436.2,4004842.8,80801.5,-83614.3,-10755.9
2025-06-26 23:02:22,780D81,39.143463,117.334402,1025,-2274577.4,4400428.1,4004879.1,80780.6,-83574.0,-10747.5
2025-06-26 23:02:22,780D81,39.143728,117.334229,1050,-2274558.2,4400423.8,4004906.8,80765.3,-83544.8,-10739.3
2025-06-26 23:02:24,780D81,39.144660,117.333679,1075,-2274488.8,4400392.9,4004991.8,80716.9,-83442.0,-10729.7
2025-06-26 23:02:25,780D81,39.145404,117.333191,1125,-2274432.7,4400376.4,4005065.5,80674.0,-83360.0,-10712.8
2025-06-26 23:02:25,780D81,39.145798,117.332969,1125,-2274403.1,4400360.7,4005099.4,80654.4,-83316.5,-10712.0
2025-06-26 23:02:25,780D81,39.145798,117.332969,1125,-2274403.1,4400360.7,4005099.4,80654.4,-83316.5,-10712.0
2025-06-26 23:02:26,780D81,39.146118,117.332790,1150,-2274381.7,4400353.1,4005131.8,80638.7,-83281.2,-10703.7
2025-06-26 23:02:26,780D81,39.146475,117.332581,1175,-2274356.8,4400344.4,4005167.4,80620.2,-83241.9,-10695.4
2025-06-26 23:02:27,780D81,39.146759,117.332372,1175,-2274331.7,4400335.0,4005191.8,80601.9,-83210.6,-10694.7
2025-06-26 23:02:27,780D81,39.147171,117.332133,1200,-2274302.8,4400324.1,4005232.1,80580.9,-83165.1,-10686.2
2025-06-26 23:02:28,780D81,39.147499,117.331909,1200,-2274275.0,4400312.6,4005260.3,80561.1,-83128.9,-10685.5
2025-06-26 23:02:28,780D81,39.147949,117.331656,1225,-2274243.8,4400299.8,4005303.9,80538.8,-83079.3,-10677.0
2025-06-26 23:02:29,780D81,39.148224,117.331477,1250,-2274223.9,4400295.1,4005332.4,80523.1,-83049.1,-10668.7
2025-06-26 23:02:29,780D81,39.148544,117.331298,1250,-2274199.8,4400282.3,4005360.0,80507.3,-83013.7,-10668.1
2025-06-26 23:02:30,780D81,39.148911,117.331059,1275,-2274172.4,4400274.2,4005396.3,80486.3,-82973.3,-10659.7
2025-06-26 23:02:30,780D81,39.149268,117.330872,1300,-2274149.3,4400264.6,4005431.9,80469.8,-82933.9,-10651.3
2025-06-26 23:02:31,780D81,39.149641,117.330627,1300,-2274118.5,4400251.1,4005464.0,80448.3,-82892.8,-10650.5
2025-06-26 23:02:32,780D81,39.150284,117.330223,1350,-2274072.2,4400237.6,4005529.0,80412.8,-82821.9,-10633.9
2025-06-26 23:02:32,780D81,39.150284,117.330223,1350,-2274072.2,4400237.6,4005529.0,80412.8,-82821.9,-10633.9
2025-06-26 23:02:33,780D81,39.151428,117.329506,1400,-2273985.7,4400205.3,4005637.1,80349.7,-82695.7,-10616.2
2025-06-26 23:02:34,780D81,39.151782,117.329285,1425,-2273960.1,4400197.3,4005672.4,80330.3,-82656.7,-10607.9
2025-06-26 23:02:34,780D81,39.152108,117.329041,1450,-2273933.5,4400191.9,4005705.3,80308.9,-82620.9,-10599.5
2025-06-26 23:02:35,780D81,39.152527,117.328790,1475,-2273903.5,4400181.0,4005746.1,80286.8,-82574.7,-10591.0
2025-06-26 23:02:35,780D81,39.152527,117.328790,1475,-2273903.5,4400181.0,4005746.1,80286.8,-82574.7,-10591.0
2025-06-26 23:02:35,780D81,39.152853,117.328613,1475,-2273879.5,4400167.7,4005774.2,80271.2,-82538.7,-10590.3
2025-06-26 23:02:36,780D81,39.153534,117.328193,1525,-2273830.7,4400152.5,4005842.5,80234.3,-82463.6,-10573.7
2025-06-26 23:02:37,780D81,39.154203,117.327759,1575,-2273781.2,4400138.6,4005909.7,80196.2,-82390.0,-10557.0
2025-06-26 23:02:40,780D81,39.156251,117.326538,1700,-2273635.1,4400085.7,4006110.1,80088.8,-82164.2,-10514.6
2025-06-26 23:02:42,780D81,39.157608,117.325745,1775,-2273538.7,4400048.4,4006241.3,80019.0,-82014.5,-10488.9
2025-06-26 23:02:42,7821AF,39.543007,117.717896,27600,-2293804.1,4365739.3,4044342.7,113426.0,-38852.0,-2712.0
2025-06-26 23:02:43,780D81,39.158295,117.325327,1825,-2273489.9,4400032.7,4006310.1,79982.3,-81938.9,-10472.3
2025-06-26 23:02:43,7821AF,39.542313,117.715520,27600,-2293646.0,4365877.9,4044283.1,113222.8,-38932.2,-2708.9
2025-06-26 23:02:44,780D81,39.158718,117.325073,1850,-2273459.5,4400021.6,4006351.4,79960.0,-81892.2,-10463.8
2025-06-26 23:02:48,7821AF,39.538834,117.703877,27600,-2292873.2,4366561.9,4043984.9,112226.5,-39333.6,-2693.8
2025-06-26 23:02:49,780D81,39.162582,117.322693,2075,-2273176.8,4399922.6,4006727.3,79750.8,-81466.3,-10387.1
2025-06-26 23:02:51,780D81,39.163971,117.321864,2150,-2273076.5,4399884.8,4006861.3,79677.8,-81313.1,-10361.4
2025-06-26 23:02:52,780D81,39.164491,117.321533,2175,-2273037.1,4399870.7,4006910.9,79648.8,-81255.8,-10352.6
2025-06-26 23:02:54,780C57,39.115518,117.351624,175,-2276707.1,4401304.8,4002309.0,82298.4,-86656.9,-11067.2
2025-06-26 23:02:54,780C57,39.115518,117.351624,175,-2276707.1,4401304.8,4002309.0,82298.4,-86656.9,-11067.2
2025-06-26 23:02:54,780D81,39.165794,117.320740,2250,-2272942.4,4399836.8,4007037.5,79579.0,-81112.1,-10327.1
2025-06-26 23:02:55,780C57,39.116135,117.351240,175,-2276657.8,4401281.7,4002362.1,82264.5,-86588.8,-11065.9
2025-06-26 23:02:55,780D81,39.166493,117.320312,2275,-2272889.8,4399815.5,4007102.4,79541.4,-81035.0,-10318.0
2025-06-26 23:02:55,780D81,39.166493,117.320312,2275,-2272889.8,4399815.5,4007102.4,79541.4,-81035.0,-10318.0
2025-06-26 23:02:56,780C57,39.116728,117.350891,175,-2276611.9,4401258.6,4002413.2,82233.7,-86523.2,-11064.6
2025-06-26 23:02:56,780C57,39.116961,117.350769,175,-2276595.1,4401249.0,4002433.3,82222.8,-86497.5,-11064.1
2025-06-26 23:02:56,780C57,39.116961,117.350769,175,-2276595.1,4401249.0,4002433.3,82222.8,-86497.5,-11064.1
2025-06-26 23:02:57,780C57,39.117325,117.350524,175,-2276564.5,4401236.1,4002464.6,82201.2,-86457.3,-11063.3
2025-06-26 23:02:57,7821AF,39.532905,117.683777,27600,-2291536.1,4367737.5,4043476.6,110506.1,-40017.7,-2668.1
2025-06-26 23:02:58,7821AF,39.532196,117.681487,27600,-2291384.8,4367873.6,4043415.8,110310.1,-40099.4,-2665.2
2025-06-26 23:03:00,780D81,39.169922,117.318102,2475,-2272631.4,4399731.5,4007436.1,79347.3,-80657.1,-10249.8
2025-06-26 23:03:01,7821AF,39.530182,117.674680,27600,-2290932.1,4368272.0,4043243.1,109727.4,-40331.6,-2656.6
2025-06-26 23:03:02,780D81,39.171295,117.317266,2525,-2272528.4,4399689.6,4007564.0,79273.7,-80505.5,-10231.7
2025-06-26 23:03:02,780D81,39.171295,117.317266,2525,-2272528.4,4399689.6,4007564.0,79273.7,-80505.5,-10231.7
2025-06-26 23:03:06,780D81,39.173894,117.315613,2650,-2272331.4,4399619.4,4007811.8,79128.4,-80218.9,-10188.2
2025-06-26 23:03:33,780D81,39.193863,117.303414,3425,-2270836.0,4399021.0,4009679.6,78055.0,-78015.7,-9911.3
2025-06-26 23:03:37,780D81,39.197217,117.302490,3525,-2270668.0,4398869.5,4009987.5,77971.9,-77644.5,-9875.3
2025-06-26 23:03:47,780D81,39.205399,117.303414,3700,-2270494.4,4398359.4,4010725.2,78043.3,-76736.0,-9811.8
2025-06-26 23:03:54,780D81,39.211322,117.307190,3825,-2270607.1,4397866.5,4011259.0,78363.3,-76075.4,-9769.7
2025-06-26 23:03:55,780D81,39.211741,117.307617,3825,-2270626.4,4397823.4,4011295.1,78399.8,-76028.5,-9769.6
2025-06-26 23:03:56,780D81,39.212173,117.308011,3825,-2270642.7,4397780.9,4011332.2,78433.3,-75980.2,-9769.4
2025-06-26 23:03:56,780D81,39.212533,117.308472,3850,-2270669.2,4397745.4,4011368.0,78472.8,-75940.0,-9761.8
2025-06-26 23:03:57,780D81,39.212952,117.308847,3850,-2270684.5,4397704.4,4011404.0,78504.8,-75893.2,-9761.6
2025-06-26 23:03:57,780D81,39.213324,117.309326,3875,-2270712.0,4397667.5,4011440.9,78545.8,-75851.5,-9754.0
2025-06-26 23:03:58,780D81,39.213696,117.309814,3875,-2270737.5,4397624.9,4011472.9,78587.6,-75809.7,-9754.0
2025-06-26 23:03:58,780D81,39.213976,117.310120,3900,-2270754.6,4397600.6,4011501.7,78613.7,-75778.5,-9746.3
2025-06-26 23:03:59,780D81,39.214348,117.310608,3900,-2270780.1,4397558.0,4011533.8,78655.5,-75736.7,-9746.4
2025-06-26 23:04:02,780D81,39.215978,117.313171,3950,-2270929.8,4397365.3,4011683.6,78875.2,-75553.8,-9731.7
2025-06-26 23:04:04,780D81,39.217048,117.315247,4000,-2271060.0,4397226.7,4011785.3,79053.4,-75433.2,-9717.2
2025-06-26 23:04:04,780D81,39.217048,117.315247,4000,-2271060.0,4397226.7,4011785.3,79053.4,-75433.2,-9717.2
2025-06-26 23:04:05,780D81,39.217514,117.316223,4025,-2271122.6,4397164.2,4011830.2,79137.4,-75380.8,-9710.0
2025-06-26 23:04:05,780D81,39.217667,117.316729,4025,-2271156.5,4397134.7,4011843.4,79180.8,-75363.3,-9710.3
2025-06-26 23:04:06,780D81,39.218262,117.318162,4050,-2271250.0,4397046.0,4011899.4,79304.0,-75296.1,-9703.4
2025-06-26 23:04:07,780D81,39.218491,117.318818,4050,-2271293.1,4397005.7,4011919.1,79360.5,-75270.1,-9703.8
2025-06-26 23:04:10,780D81,39.219702,117.322876,4100,-2271570.8,4396779.8,4012032.9,79709.8,-75132.2,-9691.3
2025-06-26 23:04:11,780D81,39.220001,117.324073,4125,-2271655.7,4396718.9,4012063.5,79812.9,-75098.0,-9684.6
2025-06-26 23:04:13,7821AF,39.481705,117.512632,27575,-2280149.3,4377769.4,4039080.0,95846.3,-45906.8,-2478.9
2025-06-26 23:04:15,7821AF,39.480377,117.508273,27600,-2279862.3,4378031.3,4038971.0,95472.8,-46059.1,-2466.7
2025-06-26 23:04:16,780D81,39.220819,117.329529,4200,-2272056.2,4396467.2,4012148.3,80283.4,-75002.6,-9666.5
2025-06-26 23:04:16,7821AF,39.479649,117.505920,27600,-2279706.3,4378170.5,4038908.5,95271.1,-46142.5,-2464.3
2025-06-26 23:04:16,780D81,39.220819,117.330200,4200,-2272107.7,4396440.6,4012148.3,80341.4,-75001.9,-9667.2
2025-06-26 23:04:17,780D81,39.220917,117.330939,4225,-2272163.9,4396410.5,4012161.5,80405.2,-74990.5,-9660.2
2025-06-26 23:04:17,780D81,39.220912,117.331604,4225,-2272215.1,4396384.4,4012161.1,80462.6,-74990.4,-9661.0
2025-06-26 23:04:18,7821AF,39.478346,117.501404,27600,-2279403.7,4378431.9,4038796.7,94883.9,-46292.2,-2459.7
2025-06-26 23:04:18,780D81,39.221005,117.333069,4250,-2272327.2,4396325.7,4012173.9,80589.1,-74978.9,-9654.8
2025-06-26 23:04:19,7821AF,39.477676,117.499257,27600,-2279261.5,4378559.3,4038739.2,94699.9,-46368.9,-2457.5
2025-06-26 23:04:19,780D81,39.221054,117.334402,4250,-2272428.0,4396269.8,4012178.1,80704.2,-74972.2,-9656.2
2025-06-26 23:04:20,7821AF,39.476944,117.496809,27600,-2279098.3,4378702.6,4038676.4,94490.0,-46452.9,-2455.0
2025-06-26 23:04:22,780D81,39.221100,117.337627,4300,-2272679.3,4396149.5,4012191.7,80982.8,-74964.4,-9644.4
2025-06-26 23:04:25,780D81,39.221146,117.342582,4350,-2273063.5,4395960.6,4012205.3,81411.0,-74955.0,-9634.4
2025-06-26 23:04:26,780D81,39.221146,117.343179,4350,-2273109.3,4395936.9,4012205.3,81462.5,-74954.5,-9635.1
2025-06-26 23:04:26,780D81,39.221191,117.343836,4375,-2273160.9,4395913.2,4012214.0,81519.3,-74948.9,-9628.1
2025-06-26 23:04:34,780D81,39.222728,117.355103,4600,-2274000.1,4395417.5,4012389.6,82491.4,-74768.8,-9569.9
2025-06-26 23:04:35,780D81,39.223053,117.356445,4625,-2274095.3,4395349.2,4012422.4,82607.0,-74731.4,-9563.3
2025-06-26 23:04:36,780D81,39.223480,117.357927,4675,-2274200.7,4395274.2,4012468.8,82734.7,-74682.9,-9549.2
2025-06-26 23:04:37,780D81,39.223891,117.359253,4700,-2274291.8,4395201.2,4012509.0,82848.8,-74636.1,-9542.5
2025-06-26 23:04:38,780D81,39.224121,117.359898,4725,-2274336.6,4395166.5,4012533.5,82904.3,-74610.1,-9535.3
2025-06-26 23:04:38,780D81,39.224304,117.360555,4750,-2274383.7,4395134.3,4012554.1,82960.9,-74589.2,-9528.2
2025-06-26 23:04:39,780D81,39.224822,117.361877,4775,-2274471.2,4395054.7,4012603.5,83074.7,-74530.5,-9521.3
2025-06-26 23:04:40,780D81,39.225311,117.363122,4825,-2274556.3,4394985.3,4012655.2,83181.8,-74475.3,-9506.8
2025-06-26 23:04:41,780D81,39.225677,117.363779,4825,-2274594.9,4394936.4,4012686.7,83238.1,-74434.0,-9507.1
2025-06-26 23:04:41,780D81,39.225677,117.363779,4825,-2274594.9,4394936.4,4012686.7,83238.1,-74434.0,-9507.1
2025-06-26 23:04:41,780D81,39.225940,117.364563,4850,-2274649.3,4394894.1,4012714.1,83305.6,-74404.2,-9500.0
2025-06-26 23:04:43,780D81,39.226593,117.365928,4900,-2274738.3,4394809.7,4012779.9,83422.9,-74330.6,-9485.4
2025-06-26 23:04:44,780D81,39.227197,117.367065,4950,-2274811.5,4394737.4,4012841.5,83520.6,-74262.7,-9470.7
2025-06-26 23:04:44,780D81,39.227616,117.367737,4975,-2274852.2,4394689.8,4012882.3,83578.2,-74215.6,-9463.2
2025-06-26 23:04:44,780D81,39.227616,117.367737,4975,-2274852.2,4394689.8,4012882.3,83578.2,-74215.6,-9463.2
2025-06-26 23:04:46,780D81,39.228919,117.370117,5050,-2275000.8,4394529.7,4013008.9,83782.5,-74069.0,-9441.3
2025-06-26 23:04:46,780D81,39.229198,117.370605,5075,-2275032.0,4394498.2,4013037.7,83824.4,-74037.6,-9433.9
2025-06-26 23:04:47,780D81,39.229568,117.371183,5075,-2275064.3,4394452.2,4013069.6,83873.8,-73995.9,-9434.1
2025-06-26 23:04:47,780D81,39.229843,117.371720,5100,-2275099.4,4394418.9,4013098.0,83920.0,-73965.0,-9426.7
2025-06-26 23:04:48,780D81,39.230269,117.372375,5125,-2275138.6,4394371.6,4013139.5,83976.2,-73917.2,-9419.3
2025-06-26 23:04:48,780D81,39.230530,117.372854,5150,-2275169.6,4394341.6,4013166.7,84017.3,-73887.9,-9411.8
2025-06-26 23:04:50,780D81,39.231995,117.375183,5225,-2275309.1,4394173.4,4013307.2,84217.0,-73723.3,-9389.7
2025-06-26 23:04:53,780D81,39.234146,117.378706,5375,-2275526.0,4393930.8,4013521.2,84519.2,-73481.6,-9345.2
2025-06-26 23:04:57,780D81,39.236693,117.382996,5550,-2275791.7,4393638.2,4013774.0,84887.3,-73195.4,-9293.4
2025-06-26 23:04:58,780D81,39.237019,117.383484,5575,-2275821.3,4393603.8,4013806.8,84929.1,-73158.8,-9285.9
2025-06-26 23:04:58,780D81,39.237396,117.384139,5600,-2275862.1,4393559.5,4013844.1,84985.4,-73116.4,-9278.6
2025-06-26 23:04:59,780D81,39.237671,117.384617,5625,-2275892.6,4393528.6,4013872.5,85026.4,-73085.5,-9271.1
2025-06-26 23:04:59,780D81,39.237946,117.385035,5650,-2275918.5,4393500.1,4013901.0,85062.2,-73054.7,-9263.6
2025-06-26 23:05:01,780D81,39.239090,117.386886,5725,-2276031.6,4393370.9,4014013.9,85221.0,-72926.1,-9241.4
2025-06-26 23:05:02,780D81,39.240143,117.388677,5800,-2276143.0,4393249.8,4014118.9,85374.7,-72807.8,-9219.2
2025-06-26 23:05:03,780D81,39.240883,117.389832,5850,-2276213.1,4393168.3,4014192.2,85473.7,-72724.7,-9204.4
2025-06-26 23:05:04,780D81,39.241628,117.391052,5900,-2276288.0,4393083.8,4014265.9,85578.4,-72641.0,-9189.6
2025-06-26 23:05:05,780D81,39.242294,117.392140,5925,-2276352.6,4393004.2,4014328.0,85671.6,-72566.0,-9182.3
2025-06-26 23:05:06,780D81,39.243027,117.393334,5975,-2276425.9,4392921.6,4014400.7,85774.0,-72483.7,-9167.5
2025-06-26 23:05:07,780D81,39.243439,117.393991,6000,-2276465.7,4392875.0,4014440.9,85830.3,-72437.4,-9160.1
2025-06-26 23:05:07,780D81,39.243439,117.393991,6000,-2276465.7,4392875.0,4014440.9,85830.3,-72437.4,-9160.1
2025-06-26 23:05:10,780D81,39.245678,117.397522,6125,-2276677.6,4392621.3,4014657.6,86132.9,-72185.8,-9123.3
2025-06-26 23:05:10,780D81,39.245956,117.397992,6125,-2276704.6,4392585.2,4014681.6,86173.1,-72154.4,-9123.4
2025-06-26 23:05:11,780D81,39.246597,117.399007,6175,-2276767.1,4392515.4,4014746.3,86260.2,-72082.5,-9108.6
2025-06-26 23:05:14,780D81,39.248520,117.401992,6250,-2276942.0,4392292.5,4014926.1,86515.9,-71866.4,-9086.7
2025-06-26 23:05:16,780D81,39.250007,117.404358,6325,-2277083.4,4392121.5,4015068.5,86718.6,-71699.2,-9064.7
2025-06-26 23:05:17,780D81,39.250799,117.405579,6350,-2277154.1,4392028.8,4015141.4,86823.1,-71610.2,-9057.5
2025-06-26 23:05:17,780D81,39.250799,117.405579,6350,-2277154.1,4392028.8,4015141.4,86823.1,-71610.2,-9057.5
2025-06-26 23:05:19,780D81,39.252228,117.407903,6400,-2277291.5,4391857.8,4015273.9,87022.3,-71449.4,-9043.2
2025-06-26 23:05:22,780D81,39.254616,117.411621,6475,-2277507.3,4391576.7,4015493.8,87340.6,-71180.9,-9021.6
2025-06-26 23:05:23,780D81,39.255733,117.413391,6500,-2277609.6,4391441.9,4015594.7,87492.1,-71055.2,-9014.7
2025-06-26 23:05:28,780FE1,39.113708,117.352733,200,-2276853.3,4401378.5,4002157.9,82396.5,-86856.8,-11063.6
2025-06-26 23:05:29,780FE1,39.114587,117.352173,200,-2276782.0,4401346.2,4002233.6,82347.1,-86759.8,-11061.6
2025-06-26 23:05:30,780FE1,39.114959,117.351990,200,-2276756.0,4401330.3,4002265.6,82330.8,-86718.7,-11060.9
2025-06-26 23:05:31,780D81,39.261520,117.422711,6650,-2278152.8,4390741.8,4016121.2,88290.0,-70403.9,-8972.7
2025-06-26 23:05:31,780FE1,39.115540,117.351598,200,-2276707.2,4401309.7,4002315.6,82296.3,-86654.6,-11059.5
2025-06-26 23:05:32,780FE1,39.116089,117.351300,175,-2276663.9,4401282.1,4002358.1,82269.8,-86593.8,-11066.0
2025-06-26 23:05:32,780FE1,39.116402,117.351074,175,-2276636.5,4401271.6,4002385.1,82249.9,-86559.2,-11065.3
2025-06-26 23:05:33,780FE1,39.117007,117.350708,200,-2276591.6,4401253.8,4002442.1,82217.6,-86492.5,-11056.3
2025-06-26 23:05:33,780D81,39.263787,117.426331,6725,-2278365.0,4390472.2,4016330.6,88600.0,-70148.9,-8951.3
2025-06-26 23:05:34,780FE1,39.117279,117.350524,200,-2276568.7,4401244.2,4002465.5,82201.3,-86462.5,-11055.7
2025-06-26 23:05:34,780FE1,39.117508,117.350404,200,-2276552.2,4401234.7,4002485.2,82190.8,-86437.2,-11055.2
2025-06-26 23:05:35,780FE1,39.117799,117.350220,200,-2276528.6,4401223.9,4002510.2,82174.5,-86405.1,-11054.6
2025-06-26 23:05:35,7821AF,39.424951,117.323425,27600,-2267523.3,4388842.4,4034213.1,79613.6,-52401.5,-2298.7
2025-06-26 23:05:35,780FE1,39.118149,117.349986,200,-2276499.4,4401211.4,4002540.4,82153.9,-86366.5,-11053.8
2025-06-26 23:05:35,780D81,39.265366,117.428921,6800,-2278520.5,4390286.4,4016480.8,88821.8,-69971.2,-8929.6
2025-06-26 23:05:36,7821AF,39.424252,117.321167,27600,-2267373.0,4388975.6,4034153.2,79419.7,-52481.1,-2296.9
2025-06-26 23:05:37,7821AF,39.423569,117.318878,27600,-2267219.8,4389109.0,4034094.5,79223.2,-52559.1,-2295.1
2025-06-26 23:05:38,780FE1,39.119475,117.349182,175,-2276392.3,4401155.6,4002649.8,82082.7,-86219.9,-11058.5
2025-06-26 23:05:38,780FE1,39.119708,117.349060,175,-2276375.4,4401146.0,4002669.8,82071.9,-86194.2,-11058.0
2025-06-26 23:05:40,780D81,39.268582,117.434143,6950,-2278832.8,4389909.5,4016786.3,89269.2,-69609.4,-8886.1
2025-06-26 23:05:40,780D81,39.268582,117.434143,6950,-2278832.8,4389909.5,4016786.3,89269.2,-69609.4,-8886.1
2025-06-26 23:05:40,780FE1,39.120639,117.348450,150,-2276295.8,4401107.1,4002745.2,82017.9,-86091.3,-11063.6
2025-06-26 23:05:41,780FE1,39.121124,117.348195,150,-2276260.6,4401087.0,4002787.1,81995.3,-86037.6,-11062.5
2025-06-26 23:05:42,780FE1,39.121570,117.347900,150,-2276223.7,4401071.0,4002825.4,81969.3,-85988.4,-11061.5
2025-06-26 23:05:42,780FE1,39.121570,117.347900,150,-2276223.7,4401071.0,4002825.4,81969.3,-85988.4,-11061.5
2025-06-26 23:05:42,780FE1,39.121802,117.347778,150,-2276206.8,4401061.3,4002845.5,81958.5,-85962.7,-11061.1
2025-06-26 23:05:42,7821AF,39.419907,117.306578,27600,-2266396.1,4389825.3,4033780.0,78166.9,-52977.0,-2285.6
2025-06-26 23:05:43,780D81,39.271095,117.438232,7075,-2279078.3,4389616.1,4017026.5,89619.5,-69326.6,-8849.8
2025-06-26 23:05:44,780D81,39.271912,117.439549,7125,-2279158.1,4389523.3,4017106.3,89732.3,-69234.8,-8835.2
2025-06-26 23:05:44,780D81,39.271912,117.439549,7125,-2279158.1,4389523.3,4017106.3,89732.3,-69234.8,-8835.2
2025-06-26 23:05:44,780FE1,39.122408,117.347412,150,-2276159.2,4401038.2,4002897.6,81926.2,-85895.9,-11059.7
2025-06-26 23:05:44,780FE1,39.122408,117.347412,150,-2276159.2,4401038.2,4002897.6,81926.2,-85895.9,-11059.7
2025-06-26 23:05:44,780FE1,39.122640,117.347290,150,-2276142.4,4401028.6,4002917.6,81915.3,-85870.2,-11059.3
2025-06-26 23:05:45,780FE1,39.122873,117.347107,150,-2276120.8,4401021.4,4002937.7,81899.2,-85844.5,-11058.7
2025-06-26 23:05:45,780FE1,39.123047,117.347001,150,-2276107.1,4401014.8,4002952.6,81889.9,-85825.3,-11058.3
2025-06-26 23:05:46,780D81,39.273560,117.442295,7225,-2279326.0,4389332.2,4017267.3,89967.6,-69049.4,-8806.0
2025-06-26 23:05:47,780D81,39.274429,117.443669,7250,-2279405.8,4389228.5,4017346.9,90085.1,-68951.5,-8798.9
2025-06-26 23:05:48,780D81,39.275299,117.445102,7325,-2279495.5,4389133.0,4017436.2,90208.0,-68853.7,-8776.8
2025-06-26 23:05:49,780D81,39.276030,117.446289,7350,-2279565.5,4389045.3,4017503.8,90309.7,-68771.4,-8769.7
2025-06-26 23:05:49,780D81,39.276398,117.446952,7375,-2279607.2,4389001.2,4017540.3,90366.6,-68730.0,-8762.4
2025-06-26 23:05:50,780D81,39.276775,117.447571,7400,-2279645.0,4388958.3,4017577.5,90419.6,-68687.6,-8755.1
2025-06-26 23:05:50,780D81,39.276775,117.447571,7400,-2279645.0,4388958.3,4017577.5,90419.6,-68687.6,-8755.1
2025-06-26 23:05:52,780D81,39.278824,117.450893,7525,-2279846.7,4388724.5,4017777.8,90704.2,-68457.1,-8718.5
2025-06-26 23:05:54,780D81,39.280106,117.452983,7575,-2279970.7,4388571.8,4017897.6,90883.1,-68312.8,-8704.3
2025-06-26 23:05:54,7821AF,39.411869,117.279968,27600,-2264617.1,4391381.7,4033089.7,75881.4,-53893.4,-2265.7
2025-06-26 23:05:54,780D81,39.280518,117.453700,7625,-2280017.6,4388528.1,4017942.7,90944.6,-68266.5,-8689.4
2025-06-26 23:05:55,780D81,39.280964,117.454407,7625,-2280057.3,4388472.0,4017981.1,91005.1,-68216.1,-8689.7
2025-06-26 23:05:55,7821AF,39.411171,117.277649,27600,-2264462.0,4391517.2,4033029.7,75682.2,-53973.0,-2264.0
2025-06-26 23:05:56,780D81,39.281799,117.455789,7675,-2280141.6,4388375.4,4018062.5,91123.5,-68122.2,-8675.2
2025-06-26 23:05:56,780D81,39.281799,117.455789,7675,-2280141.6,4388375.4,4018062.5,91123.5,-68122.2,-8675.2
2025-06-26 23:05:57,780D81,39.282501,117.456970,7725,-2280214.7,4388295.1,4018132.5,91224.8,-68043.3,-8660.5
2025-06-26 23:05:59,780D81,39.284042,117.459491,7825,-2280368.7,4388119.5,4018284.3,91440.8,-67869.8,-8631.3
2025-06-26 23:05:59,7821AF,39.408378,117.268372,27600,-2263841.2,4392059.0,4032789.8,74885.2,-54291.3,-2257.4
2025-06-26 23:06:01,780D81,39.285736,117.462238,7925,-2280535.0,4387925.4,4018449.2,91676.0,-67679.2,-8602.1
2025-06-26 23:06:03,780D81,39.287201,117.464686,8000,-2280683.1,4387752.3,4018589.6,91885.7,-67514.3,-8580.5
2025-06-26 23:06:06,780D81,39.289670,117.468750,8175,-2280933.3,4387473.1,4018835.6,92233.9,-67236.5,-8529.3
2025-06-26 23:06:07,780D81,39.290880,117.470825,8250,-2281061.1,4387330.6,4018954.1,92411.7,-67100.2,-8507.5
2025-06-26 23:06:09,780D81,39.292511,117.473463,8350,-2281221.0,4387144.8,4019113.6,92637.6,-66916.7,-8478.4
2025-06-26 23:06:13,780D81,39.295349,117.478061,8550,-2281502.7,4386826.4,4019396.1,93031.5,-66597.3,-8419.8
2025-06-26 23:06:14,780D81,39.296173,117.479434,8600,-2281586.6,4386730.8,4019476.6,93149.1,-66504.6,-8405.3
2025-06-26 23:06:16,780D81,39.297816,117.482117,8725,-2281752.2,4386547.6,4019642.0,93379.0,-66319.7,-8368.6
2025-06-26 23:06:17,780D81,39.298599,117.483375,8775,-2281828.6,4386459.1,4019718.9,93486.7,-66231.6,-8354.0
2025-06-26 23:06:20,780D81,39.300842,117.486957,8925,-2282046.3,4386207.8,4019940.7,93793.5,-65979.2,-8310.2
2025-06-26 23:06:22,780D81,39.302490,117.489584,9025,-2282204.8,4386021.2,4020101.6,94018.4,-65793.7,-8281.1
2025-06-26 23:06:23,780D81,39.303356,117.490906,9100,-2282286.0,4385930.2,4020190.5,94131.6,-65696.4,-8258.9
2025-06-26 23:06:23,780D81,39.303356,117.490906,9100,-2282286.0,4385930.2,4020190.5,94131.6,-65696.4,-8258.9
2025-06-26 23:06:25,780D81,39.305032,117.493591,9200,-2282448.1,4385739.6,4020353.9,94361.5,-65507.8,-8229.8
2025-06-26 23:06:26,780D81,39.305823,117.494873,9250,-2282525.9,4385649.6,4020431.5,94471.2,-65418.7,-8215.3
2025-06-26 23:06:28,780D81,39.307453,117.497559,9350,-2282689.4,4385461.8,4020590.9,94701.2,-65235.2,-8186.3
2025-06-26 23:06:31,780D81,39.309687,117.501343,9525,-2282925.5,4385208.2,4020816.7,95025.4,-64983.6,-8135.2
2025-06-26 23:06:32,780D81,39.310501,117.502839,9575,-2283019.1,4385108.2,4020896.3,95153.6,-64891.8,-8121.0
2025-06-26 23:06:34,780D81,39.311966,117.505646,9675,-2283197.1,4384925.9,4021041.5,95394.2,-64726.4,-8092.4
2025-06-26 23:06:37,780D81,39.313889,117.509706,9825,-2283461.7,4384675.5,4021235.7,95742.5,-64509.0,-8049.6
2025-06-26 23:08:09,780D81,39.278915,117.655872,12825,-2296110.4,4381642.0,4018808.4,108420.9,-68235.8,-7376.5
2025-06-26 23:08:14,780D81,39.274261,117.664368,12825,-2296912.1,4381591.4,4018408.1,109161.5,-68742.4,-7394.6
2025-06-26 23:08:18,780D81,39.270630,117.670959,12825,-2297534.7,4381553.3,4018095.9,109736.1,-69137.7,-7408.7
2025-06-26 23:08:18,780D81,39.270630,117.670959,12825,-2297534.7,4381553.3,4018095.9,109736.1,-69137.7,-7408.7
2025-06-26 23:08:18,780D81,39.270081,117.671933,12825,-2297627.1,4381548.4,4018048.6,109821.1,-69197.5,-7410.8
2025-06-26 23:08:19,780D81,39.269652,117.672668,12825,-2297697.3,4381545.6,4018011.8,109885.2,-69244.1,-7412.4
2025-06-26 23:13:23,78110B,39.479417,117.186157,27600,-2255244.3,4390839.7,4038888.6,67727.0,-46460.1,-2115.6
2025-06-26 23:13:29,780891,39.498917,117.477941,20700,-2276190.8,4376635.0,4039223.9,92805.0,-44015.6,-4516.4
2025-06-26 23:14:43,780891,39.406516,117.594543,20700,-2288115.5,4377776.7,4031294.7,102978.4,-54155.6,-4750.4
2025-06-26 23:14:44,780891,39.404526,117.597059,20700,-2288372.8,4377800.6,4031123.9,103198.2,-54373.8,-4755.8
2025-06-26 23:14:49,7813B1,39.402237,117.395365,7625,-2271605.1,4383238.4,4028397.6,85761.4,-54807.2,-8487.6
2025-06-26 23:14:51,7813B1,39.400040,117.396141,7575,-2271730.3,4383334.7,4028199.4,85830.8,-55050.4,-8505.8
2025-06-26 23:25:40,7813B1,39.116170,117.351257,175,-2276658.0,4401278.8,4002365.1,82266.0,-86584.9,-11065.8
2025-06-26 23:25:40,7813B1,39.116495,117.351074,175,-2276633.5,4401265.8,4002393.2,82249.8,-86548.9,-11065.1
2025-06-26 23:25:41,7813B1,39.117142,117.350643,175,-2276579.6,4401242.7,4002448.8,82211.7,-86477.5,-11063.7
2025-06-26 23:25:42,7813B1,39.117371,117.350524,175,-2276563.0,4401233.3,4002468.5,82201.1,-86452.2,-11063.2
2025-06-26 23:25:42,7813B1,39.117659,117.350342,175,-2276539.8,4401222.5,4002493.4,82185.1,-86420.4,-11062.6
2025-06-26 23:25:43,7813B1,39.118286,117.349926,175,-2276487.7,4401200.0,4002547.4,82148.5,-86351.2,-11061.1
2025-06-26 23:25:43,7813B1,39.118607,117.349747,175,-2276463.6,4401187.2,4002575.0,82132.6,-86315.8,-11060.5
2025-06-26 23:25:44,7813B1,39.118916,117.349548,175,-2276438.4,4401175.8,4002601.7,82115.0,-86281.6,-11059.8
2025-06-26 23:25:44,7813B1,39.119149,117.349426,200,-2276424.2,4401171.5,4002626.5,82104.3,-86256.0,-11051.7
2025-06-26 23:25:44,7813B1,39.119149,117.349426,200,-2276424.2,4401171.5,4002626.5,82104.3,-86256.0,-11051.7
2025-06-26 23:25:45,7813B1,39.119661,117.349060,175,-2276376.9,4401148.9,4002665.8,82071.9,-86199.3,-11058.1
2025-06-26 23:25:46,7813B1,39.119934,117.348911,175,-2276356.7,4401137.8,4002689.3,82058.8,-86169.2,-11057.5
2025-06-26 23:25:47,7813B1,39.120499,117.348572,150,-2276309.7,4401110.9,4002733.2,82028.6,-86106.7,-11063.9
2025-06-26 23:25:47,7813B1,39.120732,117.348389,150,-2276288.2,4401103.7,4002753.2,82012.5,-86081.0,-11063.4
2025-06-26 23:25:48,7813B1,39.121011,117.348267,150,-2276269.8,4401091.2,4002777.3,82001.7,-86050.1,-11062.8
2025-06-26 23:25:48,7813B1,39.121290,117.348083,150,-2276246.7,4401081.1,4002801.4,81985.5,-86019.3,-11062.2
2025-06-26 23:25:48,7813B1,39.121290,117.348083,150,-2276246.7,4401081.1,4002801.4,81985.5,-86019.3,-11062.2
2025-06-26 23:25:49,7813B1,39.121536,117.347956,150,-2276229.0,4401070.8,4002822.5,81974.2,-85992.1,-11061.7
2025-06-26 23:25:50,7813B1,39.122314,117.347473,150,-2276166.9,4401041.6,4002889.6,81931.5,-85906.2,-11059.9
2025-06-26 23:25:52,7813B1,39.122818,117.347180,150,-2276128.2,4401021.9,4002932.9,81905.6,-85850.5,-11058.9
2025-06-26 23:25:52,7813B1,39.123047,117.347001,150,-2276107.1,4401014.8,4002952.6,81889.9,-85825.3,-11058.3
2025-06-26 23:25:53,7813B1,39.123230,117.346881,150,-2276092.0,4401008.1,4002968.4,81879.3,-85805.1,-11057.9
2025-06-26 23:25:53,7813B1,39.123618,117.346680,175,-2276066.7,4400997.3,4003006.6,81861.5,-85762.3,-11049.5
2025-06-26 23:25:54,7813B1,39.123825,117.346523,175,-2276048.0,4400990.6,4003024.5,81847.7,-85739.5,-11049.0
2025-06-26 23:25:55,7813B1,39.124100,117.346344,175,-2276025.4,4400980.6,4003048.1,81831.9,-85709.1,-11048.4
2025-06-26 23:28:38,7807B3,39.756682,117.729004,20700,-2286845.3,4350446.1,4061288.2,113992.8,-15080.5,-4724.8
2025-06-26 23:28:39,7807B3,39.756030,117.730957,20700,-2287015.1,4350409.1,4061232.5,114161.4,-15150.4,-4728.0
2025-06-26 23:28:41,7807B3,39.754669,117.735105,20700,-2287375.1,4350329.2,4061116.2,114519.4,-15296.4,-4734.8
2025-06-26 23:28:42,7807B3,39.753889,117.737244,20700,-2287563.3,4350292.9,4061049.5,114704.1,-15380.3,-4738.3
2025-06-26 23:28:42,7807B3,39.753889,117.737244,20700,-2287563.3,4350292.9,4061049.5,114704.1,-15380.3,-4738.3
2025-06-26 23:28:43,7807B3,39.752426,117.741314,20700,-2287920.8,4350222.3,4060924.6,115055.6,-15537.6,-4745.0
2025-06-26 23:28:44,7807B3,39.751648,117.743165,20700,-2288087.0,4350197.4,4060858.1,115215.7,-15621.7,-4748.1
2025-06-26 23:29:03,780E01,39.112335,117.353569,225,-2276964.4,4401436.0,4002044.4,82470.5,-87008.6,-11059.0
2025-06-26 23:29:05,780E01,39.113525,117.352792,200,-2276863.8,4401387.6,4002142.1,82401.9,-86877.1,-11063.9
2025-06-26 23:29:05,780E01,39.113525,117.352792,200,-2276863.8,4401387.6,4002142.1,82401.9,-86877.1,-11063.9
2025-06-26 23:29:06,780E01,39.113800,117.352673,200,-2276845.8,4401375.2,4002165.8,82391.3,-86846.7,-11063.4
2025-06-26 23:29:07,780E01,39.114532,117.352195,175,-2276782.8,4401343.4,4002224.1,82349.0,-86765.7,-11069.4
2025-06-26 23:29:07,780E01,39.114761,117.352076,200,-2276769.0,4401339.1,4002248.6,82338.5,-86740.5,-11061.3
2025-06-26 23:29:08,780E01,39.114990,117.351897,200,-2276747.8,4401332.0,4002268.3,82322.8,-86715.3,-11060.7
2025-06-26 23:33:48,780FB7,39.114494,117.352295,200,-2276794.4,4401347.1,4002225.5,82357.8,-86770.1,-11061.9
2025-06-26 23:33:49,780FB7,39.114773,117.352112,200,-2276771.3,4401337.0,4002249.6,82341.6,-86739.2,-11061.3
2025-06-26 23:33:49,780FB7,39.115128,117.351897,175,-2276740.7,4401318.2,4002275.3,82322.5,-86700.0,-11068.1
2025-06-26 23:33:50,780FB7,39.115378,117.351746,175,-2276721.0,4401308.6,4002296.9,82309.1,-86672.3,-11067.6
2025-06-26 23:33:50,780FB7,39.115677,117.351539,175,-2276695.5,4401298.3,4002322.7,82290.9,-86639.3,-11066.9
2025-06-26 23:33:51,780FB7,39.115983,117.351379,175,-2276673.4,4401285.5,4002349.1,82276.8,-86605.4,-11066.2
2025-06-26 23:33:51,780FB7,39.116180,117.351240,175,-2276656.4,4401278.8,4002366.0,82264.5,-86583.7,-11065.8
2025-06-26 23:33:52,780FB7,39.116728,117.350891,200,-2276614.7,4401263.9,4002418.0,82233.8,-86523.3,-11057.0
2025-06-26 23:33:53,780FB7,39.116961,117.350708,200,-2276593.1,4401256.7,4002438.1,82217.7,-86497.6,-11056.4
2025-06-26 23:33:53,780FB7,39.117194,117.350586,200,-2276576.2,4401247.0,4002458.1,82206.8,-86471.9,-11055.9
2025-06-26 23:33:53,780FB7,39.117473,117.350403,200,-2276553.2,4401236.9,4002482.2,82190.7,-86441.1,-11055.3
2025-06-26 23:33:54,780FB7,39.117737,117.350225,200,-2276531.0,4401227.6,4002504.9,82175.0,-86412.0,-11054.7
2025-06-26 23:33:54,780FB7,39.117966,117.350106,200,-2276514.5,4401218.1,4002524.6,82164.4,-86386.7,-11054.2
2025-06-26 23:33:54,780FB7,39.117966,117.350106,200,-2276514.5,4401218.1,4002524.6,82164.4,-86386.7,-11054.2
2025-06-26 23:33:55,780FB7,39.118451,117.349792,225,-2276477.5,4401205.6,4002571.2,82136.9,-86333.2,-11045.5
2025-06-26 23:33:56,780FB7,39.118963,117.349487,200,-2276434.9,4401180.6,4002610.5,82109.8,-86276.6,-11052.0
2025-06-26 23:33:57,780FB7,39.119247,117.349329,200,-2276413.6,4401169.2,4002635.0,82095.8,-86245.1,-11051.4
2025-06-26 23:33:57,780FB7,39.119521,117.349182,200,-2276393.5,4401158.0,4002658.6,82082.8,-86214.8,-11050.8
2025-06-26 23:35:59,781342,39.113205,117.353031,225,-2276895.2,4401403.2,4002119.3,82423.0,-86912.5,-11057.1
2025-06-26 23:36:01,781342,39.114354,117.352356,200,-2276803.6,4401353.4,4002213.5,82363.2,-86785.5,-11062.2
2025-06-26 23:36:02,781342,39.114670,117.352136,200,-2276776.5,4401342.5,4002240.7,82343.8,-86750.7,-11061.5
2025-06-26 23:36:03,781342,39.115311,117.351777,200,-2276728.4,4401316.8,4002295.9,82312.1,-86679.8,-11060.1
2025-06-26 23:36:03,781342,39.115723,117.351479,175,-2276689.4,4401297.8,4002326.6,82285.7,-86634.3,-11066.8
2025-06-26 23:36:04,781342,39.115997,117.351359,175,-2276671.4,4401285.5,4002350.3,82275.0,-86603.9,-11066.2
2025-06-26 23:36:04,781342,39.116226,117.351180,175,-2276650.3,4401278.3,4002370.0,82259.3,-86578.7,-11065.7
2025-06-26 23:36:05,781342,39.116501,117.351001,175,-2276627.7,4401268.4,4002393.6,82243.5,-86548.3,-11065.0
2025-06-26 23:36:05,781342,39.116867,117.350822,200,-2276604.9,4401258.0,4002430.0,82227.6,-86508.0,-11056.7
2025-06-26 23:36:06,781342,39.117147,117.350586,200,-2276577.7,4401249.9,4002454.1,82206.9,-86477.1,-11056.0
2025-06-26 23:36:07,781342,39.117737,117.350225,200,-2276531.0,4401227.6,4002504.9,82175.0,-86412.0,-11054.7
2025-06-26 23:36:08,781342,39.118264,117.349915,175,-2276487.5,4401201.8,4002545.5,82147.4,-86353.6,-11061.2
2025-06-26 23:36:10,781342,39.119708,117.349060,150,-2276372.7,4401140.8,4002665.0,82071.8,-86194.1,-11065.6
2025-06-26 23:36:11,781342,39.119934,117.348911,150,-2276354.0,4401132.6,4002684.5,82058.7,-86169.1,-11065.1
2025-06-26 23:36:11,781342,39.120163,117.348792,150,-2276337.4,4401123.1,4002704.3,82048.1,-86143.8,-11064.7
2025-06-26 23:36:12,781342,39.120732,117.348450,150,-2276292.9,4401101.3,4002753.2,82017.8,-86081.0,-11063.4
2025-06-26 23:36:13,781342,39.121244,117.348083,150,-2276248.2,4401084.0,4002797.3,81985.6,-86024.4,-11062.2
2025-06-26 23:36:15,781342,39.121948,117.347658,150,-2276192.9,4401057.1,4002858.0,81947.9,-85946.6,-11060.7
2025-06-26 23:36:15,781342,39.121948,117.347658,150,-2276192.9,4401057.1,4002858.0,81947.9,-85946.6,-11060.7
2025-06-26 23:36:15,781342,39.122175,117.347534,150,-2276176.1,4401047.9,4002877.5,81937.0,-85921.6,-11060.2
2025-06-26 23:36:16,781342,39.122406,117.347359,150,-2276155.2,4401040.4,4002897.4,81921.6,-85896.1,-11059.7
2025-06-26 23:36:18,781342,39.123292,117.346863,150,-2276088.6,4401005.0,4002973.8,81877.6,-85798.2,-11057.8
2025-06-26 23:36:19,781342,39.123664,117.346619,175,-2276060.5,4400996.8,4003010.6,81856.2,-85757.2,-11049.4
2025-06-26 23:36:20,781342,39.124054,117.346404,175,-2276031.5,4400981.1,4003044.2,81837.2,-85714.2,-11048.5
2025-06-26 23:47:06,7811FE,39.204391,117.300130,7125,-2270645.8,4399271.2,4011298.5,77773.4,-76863.2,-8765.9
2025-06-26 23:47:07,7811FE,39.203247,117.300189,7125,-2270687.2,4399340.2,4011200.0,77779.8,-76990.3,-8767.6
2025-06-26 23:47:07,7811FE,39.203247,117.300189,7125,-2270687.2,4399340.2,4011200.0,77779.8,-76990.3,-8767.6
2025-06-26 23:47:08,7811FE,39.202011,117.300189,7125,-2270727.0,4399417.3,4011093.6,77781.2,-77127.5,-8769.2
2025-06-26 23:47:09,7811FE,39.200867,117.300189,7125,-2270763.8,4399488.7,4010995.1,77782.5,-77254.6,-8770.8
2025-06-26 23:47:10,7811FE,39.199545,117.300232,7125,-2270809.7,4399569.4,4010881.3,77787.6,-77401.4,-8772.6
2025-06-26 23:47:12,7811FE,39.197170,117.300232,7125,-2270886.1,4399717.5,4010677.0,77790.2,-77665.0,-8775.9
2025-06-26 23:47:13,7811FE,39.195969,117.300249,7125,-2270926.1,4399791.8,4010573.6,77793.0,-77798.4,-8777.6
2025-06-26 23:47:16,7811FE,39.193588,117.300309,7125,-2271007.3,4399937.9,4010368.7,77800.8,-78062.7,-8780.9
2025-06-26 23:47:18,7811FE,39.191254,117.300309,7125,-2271082.5,4400083.5,4010167.7,77803.4,-78322.0,-8784.1
2025-06-26 23:47:21,7811FE,39.187912,117.300309,7125,-2271190.0,4400291.9,4009880.1,77807.1,-78693.0,-8788.7
2025-06-26 23:47:22,7811FE,39.186743,117.300354,7125,-2271231.1,4400363.0,4009779.5,77812.2,-78822.8,-8790.4
2025-06-26 23:47:23,78058B,39.093545,117.365051,625,-2278494.7,4402232.1,4000502.5,83487.3,-89085.3,-10979.0
2025-06-26 23:47:23,7811FE,39.185715,117.300369,7125,-2271265.3,4400426.5,4009691.0,77814.6,-78937.0,-8791.8
2025-06-26 23:47:25,7811FE,39.182600,117.300354,7125,-2271364.5,4400621.3,4009422.8,77816.8,-79282.9,-8796.2
2025-06-26 23:47:26,7811FE,39.181549,117.300369,7125,-2271399.4,4400686.2,4009332.4,77819.2,-79399.5,-8797.6
2025-06-26 23:47:30,7811FE,39.177475,117.300369,7125,-2271530.5,4400940.2,4008981.6,77823.7,-79851.9,-8803.4
2025-06-26 23:47:30,7811FE,39.177475,117.300369,7125,-2271530.5,4400940.2,4008981.6,77823.7,-79851.9,-8803.4
2025-06-26 23:47:32,7811FE,39.175095,117.300369,7125,-2271607.1,4401088.6,4008776.7,77826.3,-80116.2,-8806.7
2025-06-26 23:47:32,7811FE,39.175095,117.300369,7125,-2271607.1,4401088.6,4008776.7,77826.3,-80116.2,-8806.7
2025-06-26 23:47:35,7811FE,39.171986,117.300354,7125,-2271706.0,4401283.0,4008509.0,77828.5,-80461.5,-8811.1
2025-06-26 23:47:54,7811FE,39.153085,117.300293,7150,-2272312.0,4402468.6,4006886.4,77844.2,-82560.3,-8830.6
2025-06-26 23:47:55,7811FE,39.152108,117.300293,7150,-2272343.4,4402529.5,4006802.2,77845.2,-82668.9,-8832.0
2025-06-26 23:47:57,7811FE,39.150060,117.300293,7150,-2272409.3,4402657.1,4006625.8,77847.5,-82896.3,-8835.0
2025-06-26 23:47:58,78058B,39.114624,117.352195,200,-2276782.6,4401342.9,4002236.8,82349.0,-86755.7,-11061.6
2025-06-26 23:47:59,78058B,39.114959,117.351929,200,-2276751.3,4401332.7,4002265.6,82325.6,-86718.7,-11060.8
2025-06-26 23:48:00,78058B,39.115192,117.351807,200,-2276734.4,4401323.1,4002285.7,82314.7,-86693.0,-11060.3
2025-06-26 23:48:00,78058B,39.115768,117.351479,200,-2276690.7,4401300.2,4002335.4,82285.7,-86629.3,-11059.1
2025-06-26 23:48:00,7811FE,39.147220,117.300232,7150,-2272495.9,4402836.5,4006381.2,77845.3,-83211.7,-8839.1
2025-06-26 23:48:00,7811FE,39.147220,117.300232,7150,-2272495.9,4402836.5,4006381.2,77845.3,-83211.7,-8839.1
2025-06-26 23:48:01,78058B,39.116043,117.351300,200,-2276668.1,4401290.2,4002359.0,82269.9,-86599.0,-11058.5
2025-06-26 23:48:03,78058B,39.117188,117.350583,200,-2276576.2,4401247.5,4002457.6,82206.6,-86472.6,-11055.9
2025-06-26 23:48:04,78058B,39.117645,117.350344,200,-2276543.1,4401228.5,4002497.0,82185.4,-86422.0,-11055.0
2025-06-26 23:48:05,78058B,39.118171,117.349976,200,-2276497.9,4401210.5,4002542.3,82152.9,-86364.0,-11053.8
2025-06-26 23:48:07,78058B,39.119247,117.349329,200,-2276413.6,4401169.2,4002635.0,82095.8,-86245.1,-11051.4
2025-06-26 23:48:08,78058B,39.119705,117.349031,200,-2276376.0,4401152.6,4002674.4,82069.5,-86194.6,-11050.4
2025-06-26 23:48:55,7811FE,39.096771,117.299891,6300,-2273998.9,4405812.7,4001871.3,77868.2,-88810.2,-9174.2
2025-06-26 23:48:57,7811FE,39.094895,117.299866,6250,-2274051.8,4405919.9,4001700.0,77867.9,-89018.3,-9192.3
2025-06-26 23:49:27,7811FE,39.067566,117.299294,5750,-2274831.0,4407537.7,3999248.1,77846.6,-92051.1,-9387.6
2025-06-26 23:50:12,780FDC,39.092743,117.365630,625,-2278565.0,4402259.0,4000433.4,83538.3,-89173.9,-10980.9
2025-06-26 23:50:12,780FDC,39.092743,117.365630,625,-2278565.0,4402259.0,4000433.4,83538.3,-89173.9,-10980.9
2025-06-26 23:50:14,780FDC,39.094116,117.364734,600,-2278449.3,4402203.9,4000546.9,83459.1,-89022.1,-10985.4
